[2023-04-19 17:10:46.386] [jointLog] [info] setting maxHashResizeThreads to 8
[2023-04-19 17:10:46.386] [jointLog] [info] Fragment incompatibility prior below threshold.  Incompatible fragments will be ignored.
[2023-04-19 17:10:46.386] [jointLog] [info] Usage of --validateMappings implies use of minScoreFraction. Since not explicitly specified, it is being set to 0.65
[2023-04-19 17:10:46.387] [jointLog] [info] Setting consensusSlack to selective-alignment default of 0.35.
[2023-04-19 17:10:46.387] [jointLog] [info] parsing read library format
[2023-04-19 17:10:46.387] [jointLog] [info] There is 1 library.
[2023-04-19 17:10:46.387] [jointLog] [info] Loading pufferfish index
[2023-04-19 17:10:46.388] [jointLog] [info] Loading dense pufferfish index.
[2023-04-19 17:10:46.422] [jointLog] [info] done
[2023-04-19 17:10:46.490] [jointLog] [info] Index contained 87 targets
[2023-04-19 17:10:46.491] [jointLog] [info] Number of decoys : 0
[2023-04-19 17:10:52.758] [fileLog] [info] 
At end of round 0
==================
Observed 11318192 total fragments (11318192 in most recent round)

[2023-04-19 17:10:52.758] [jointLog] [info] Computed 96 rich equivalence classes for further processing
[2023-04-19 17:10:52.758] [jointLog] [info] Counted 13,615 total reads in the equivalence classes 
[2023-04-19 17:10:52.762] [jointLog] [info] Number of mappings discarded because of alignment score : 4,996
[2023-04-19 17:10:52.762] [jointLog] [info] Number of fragments entirely discarded because of alignment score : 1,495
[2023-04-19 17:10:52.762] [jointLog] [info] Number of fragments discarded because they are best-mapped to decoys : 0
[2023-04-19 17:10:52.762] [jointLog] [info] Number of fragments discarded because they have only dovetail (discordant) mappings to valid targets : 0
[2023-04-19 17:10:52.762] [jointLog] [warning] Only 13615 fragments were mapped, but the number of burn-in fragments was set to 5000000.
The effective lengths have been computed using the observed mappings.

[2023-04-19 17:10:52.762] [jointLog] [info] Mapping rate = 0.120293%

[2023-04-19 17:10:52.762] [jointLog] [info] finished quantifyLibrary()
[2023-04-19 17:10:52.762] [jointLog] [info] Starting optimizer
[2023-04-19 17:10:52.763] [jointLog] [info] Marked 0 weighted equivalence classes as degenerate
[2023-04-19 17:10:52.763] [jointLog] [info] iteration = 0 | max rel diff. = 155.452
[2023-04-19 17:10:52.765] [jointLog] [info] iteration = 100 | max rel diff. = 1.26928e-08
[2023-04-19 17:10:52.765] [jointLog] [info] Finished optimizer
[2023-04-19 17:10:52.765] [jointLog] [info] writing output 

[2023-04-19 17:10:52.766] [jointLog] [warning] NOTE: Read Lib [[ SRR8514728.fastq ]] :

Detected a *potential* strand bias > 1% in an unstranded protocol check the file: ../../quants/ebv_akata/d1_day7/lib_format_counts.json for details

