[2023-04-19 17:32:46.156] [jointLog] [info] setting maxHashResizeThreads to 8
[2023-04-19 17:32:46.156] [jointLog] [info] Fragment incompatibility prior below threshold.  Incompatible fragments will be ignored.
[2023-04-19 17:32:46.156] [jointLog] [info] Usage of --validateMappings implies use of minScoreFraction. Since not explicitly specified, it is being set to 0.65
[2023-04-19 17:32:46.156] [jointLog] [info] Setting consensusSlack to selective-alignment default of 0.35.
[2023-04-19 17:32:46.156] [jointLog] [info] parsing read library format
[2023-04-19 17:32:46.156] [jointLog] [info] There is 1 library.
[2023-04-19 17:32:46.158] [jointLog] [info] Loading pufferfish index
[2023-04-19 17:32:46.158] [jointLog] [info] Loading dense pufferfish index.
[2023-04-19 17:32:46.168] [jointLog] [info] done
[2023-04-19 17:32:46.252] [jointLog] [info] Index contained 87 targets
[2023-04-19 17:32:46.252] [jointLog] [info] Number of decoys : 0
[2023-04-19 17:32:50.643] [jointLog] [info] Automatically detected most likely library type as SR

[2023-04-19 17:32:54.165] [jointLog] [info] Thread saw mini-batch with a maximum of 0.18% zero probability fragments
[2023-04-19 17:32:54.167] [jointLog] [info] Thread saw mini-batch with a maximum of 0.14% zero probability fragments
[2023-04-19 17:32:54.167] [jointLog] [info] Thread saw mini-batch with a maximum of 0.14% zero probability fragments
[2023-04-19 17:32:54.172] [jointLog] [info] Thread saw mini-batch with a maximum of 0.16% zero probability fragments
[2023-04-19 17:32:54.176] [jointLog] [info] Thread saw mini-batch with a maximum of 0.16% zero probability fragments
[2023-04-19 17:32:54.177] [jointLog] [info] Thread saw mini-batch with a maximum of 0.16% zero probability fragments
[2023-04-19 17:32:54.178] [jointLog] [info] Thread saw mini-batch with a maximum of 0.16% zero probability fragments
[2023-04-19 17:32:54.179] [jointLog] [info] Thread saw mini-batch with a maximum of 0.16% zero probability fragments
[2023-04-19 17:32:54.194] [jointLog] [info] Computed 113 rich equivalence classes for further processing
[2023-04-19 17:32:54.194] [jointLog] [info] Counted 91,077 total reads in the equivalence classes 
[2023-04-19 17:32:54.200] [jointLog] [info] Number of mappings discarded because of alignment score : 10,001
[2023-04-19 17:32:54.200] [jointLog] [info] Number of fragments entirely discarded because of alignment score : 5,482
[2023-04-19 17:32:54.200] [jointLog] [info] Number of fragments discarded because they are best-mapped to decoys : 0
[2023-04-19 17:32:54.200] [jointLog] [info] Number of fragments discarded because they have only dovetail (discordant) mappings to valid targets : 0
[2023-04-19 17:32:54.200] [jointLog] [warning] Only 91077 fragments were mapped, but the number of burn-in fragments was set to 5000000.
The effective lengths have been computed using the observed mappings.

[2023-04-19 17:32:54.200] [jointLog] [info] Mapping rate = 0.69671%

[2023-04-19 17:32:54.200] [jointLog] [info] finished quantifyLibrary()
[2023-04-19 17:32:54.200] [jointLog] [info] Starting optimizer
[2023-04-19 17:32:54.201] [jointLog] [info] Marked 0 weighted equivalence classes as degenerate
[2023-04-19 17:32:54.201] [jointLog] [info] iteration = 0 | max rel diff. = 1043.96
[2023-04-19 17:32:54.203] [jointLog] [info] iteration = 100 | max rel diff. = 4.08279e-08
[2023-04-19 17:32:54.203] [jointLog] [info] Finished optimizer
[2023-04-19 17:32:54.203] [jointLog] [info] writing output 

[2023-04-19 17:32:54.195] [fileLog] [info] 
At end of round 0
==================
Observed 13072444 total fragments (13072444 in most recent round)

