[2023-04-18 21:35:02.860] [jointLog] [info] setting maxHashResizeThreads to 8
[2023-04-18 21:35:02.860] [jointLog] [info] Fragment incompatibility prior below threshold.  Incompatible fragments will be ignored.
[2023-04-18 21:35:02.861] [jointLog] [info] Usage of --validateMappings implies use of minScoreFraction. Since not explicitly specified, it is being set to 0.65
[2023-04-18 21:35:02.861] [jointLog] [info] Setting consensusSlack to selective-alignment default of 0.35.
[2023-04-18 21:35:02.861] [jointLog] [info] parsing read library format
[2023-04-18 21:35:02.862] [jointLog] [info] There is 1 library.
[2023-04-18 21:35:02.863] [jointLog] [info] Loading pufferfish index
[2023-04-18 21:35:02.864] [jointLog] [info] Loading dense pufferfish index.
[2023-04-18 21:35:04.415] [jointLog] [info] done
[2023-04-18 21:35:04.534] [jointLog] [info] Index contained 252,045 targets
[2023-04-18 21:35:04.589] [jointLog] [info] Number of decoys : 0
[2023-04-18 21:35:04.835] [jointLog] [info] Automatically detected most likely library type as SR

[2023-04-18 21:36:18.839] [jointLog] [info] Thread saw mini-batch with a maximum of 1.62% zero probability fragments
[2023-04-18 21:36:18.851] [jointLog] [info] Thread saw mini-batch with a maximum of 1.60% zero probability fragments
[2023-04-18 21:36:18.864] [jointLog] [info] Thread saw mini-batch with a maximum of 1.62% zero probability fragments
[2023-04-18 21:36:18.881] [jointLog] [info] Thread saw mini-batch with a maximum of 1.58% zero probability fragments
[2023-04-18 21:36:18.885] [jointLog] [info] Thread saw mini-batch with a maximum of 1.60% zero probability fragments
[2023-04-18 21:36:18.889] [jointLog] [info] Thread saw mini-batch with a maximum of 1.68% zero probability fragments
[2023-04-18 21:36:18.919] [jointLog] [info] Thread saw mini-batch with a maximum of 1.56% zero probability fragments
[2023-04-18 21:36:18.941] [jointLog] [info] Thread saw mini-batch with a maximum of 1.60% zero probability fragments
[2023-04-18 21:36:19.256] [fileLog] [info] 
At end of round 0
==================
Observed 20184716 total fragments (20184716 in most recent round)

[2023-04-18 21:36:19.255] [jointLog] [info] Computed 435,851 rich equivalence classes for further processing
[2023-04-18 21:36:19.255] [jointLog] [info] Counted 18,300,918 total reads in the equivalence classes 
[2023-04-18 21:36:19.264] [jointLog] [info] Number of mappings discarded because of alignment score : 29,450,820
[2023-04-18 21:36:19.264] [jointLog] [info] Number of fragments entirely discarded because of alignment score : 290,827
[2023-04-18 21:36:19.264] [jointLog] [info] Number of fragments discarded because they are best-mapped to decoys : 0
[2023-04-18 21:36:19.264] [jointLog] [info] Number of fragments discarded because they have only dovetail (discordant) mappings to valid targets : 0
[2023-04-18 21:36:19.264] [jointLog] [info] Mapping rate = 90.6672%

[2023-04-18 21:36:19.264] [jointLog] [info] finished quantifyLibrary()
[2023-04-18 21:36:19.267] [jointLog] [info] Starting optimizer
[2023-04-18 21:36:35.896] [jointLog] [info] Marked 0 weighted equivalence classes as degenerate
[2023-04-18 21:36:35.918] [jointLog] [info] iteration = 0 | max rel diff. = 4601.07
[2023-04-18 21:36:37.710] [jointLog] [info] iteration = 100 | max rel diff. = 19.3709
[2023-04-18 21:36:39.484] [jointLog] [info] iteration = 200 | max rel diff. = 14.6376
[2023-04-18 21:36:41.166] [jointLog] [info] iteration = 300 | max rel diff. = 13.468
[2023-04-18 21:36:42.939] [jointLog] [info] iteration = 400 | max rel diff. = 13.817
[2023-04-18 21:36:44.474] [jointLog] [info] iteration = 500 | max rel diff. = 3.81478
[2023-04-18 21:36:45.924] [jointLog] [info] iteration = 600 | max rel diff. = 2.32533
[2023-04-18 21:36:47.520] [jointLog] [info] iteration = 700 | max rel diff. = 1.86525
[2023-04-18 21:36:49.031] [jointLog] [info] iteration = 800 | max rel diff. = 1.77449
[2023-04-18 21:36:50.657] [jointLog] [info] iteration = 900 | max rel diff. = 0.261319
[2023-04-18 21:36:52.575] [jointLog] [info] iteration = 1,000 | max rel diff. = 0.702894
[2023-04-18 21:36:54.442] [jointLog] [info] iteration = 1,100 | max rel diff. = 0.137036
[2023-04-18 21:36:56.191] [jointLog] [info] iteration = 1,200 | max rel diff. = 0.284872
[2023-04-18 21:36:57.845] [jointLog] [info] iteration = 1,300 | max rel diff. = 1.98185
[2023-04-18 21:36:59.313] [jointLog] [info] iteration = 1,400 | max rel diff. = 0.279872
[2023-04-18 21:37:01.032] [jointLog] [info] iteration = 1,500 | max rel diff. = 0.0626031
[2023-04-18 21:37:02.464] [jointLog] [info] iteration = 1,600 | max rel diff. = 0.0969653
[2023-04-18 21:37:03.971] [jointLog] [info] iteration = 1,700 | max rel diff. = 0.0444799
[2023-04-18 21:37:05.468] [jointLog] [info] iteration = 1,800 | max rel diff. = 0.103175
[2023-04-18 21:37:07.090] [jointLog] [info] iteration = 1,900 | max rel diff. = 0.060494
[2023-04-18 21:37:08.675] [jointLog] [info] iteration = 2,000 | max rel diff. = 0.0524134
[2023-04-18 21:37:10.315] [jointLog] [info] iteration = 2,100 | max rel diff. = 0.267601
[2023-04-18 21:37:11.823] [jointLog] [info] iteration = 2,200 | max rel diff. = 0.312688
[2023-04-18 21:37:13.362] [jointLog] [info] iteration = 2,300 | max rel diff. = 0.0781673
[2023-04-18 21:37:14.897] [jointLog] [info] iteration = 2,400 | max rel diff. = 2.08366
[2023-04-18 21:37:16.627] [jointLog] [info] iteration = 2,500 | max rel diff. = 0.089984
[2023-04-18 21:37:16.859] [jointLog] [info] iteration = 2,514 | max rel diff. = 0.00979673
[2023-04-18 21:37:16.867] [jointLog] [info] Finished optimizer
[2023-04-18 21:37:16.867] [jointLog] [info] writing output 

