[2023-04-18 21:37:19.214] [jointLog] [info] setting maxHashResizeThreads to 8
[2023-04-18 21:37:19.214] [jointLog] [info] Fragment incompatibility prior below threshold.  Incompatible fragments will be ignored.
[2023-04-18 21:37:19.214] [jointLog] [info] Usage of --validateMappings implies use of minScoreFraction. Since not explicitly specified, it is being set to 0.65
[2023-04-18 21:37:19.214] [jointLog] [info] Setting consensusSlack to selective-alignment default of 0.35.
[2023-04-18 21:37:19.214] [jointLog] [info] parsing read library format
[2023-04-18 21:37:19.214] [jointLog] [info] There is 1 library.
[2023-04-18 21:37:19.215] [jointLog] [info] Loading pufferfish index
[2023-04-18 21:37:19.216] [jointLog] [info] Loading dense pufferfish index.
[2023-04-18 21:37:19.223] [jointLog] [info] done
[2023-04-18 21:37:19.314] [jointLog] [info] Index contained 1 targets
[2023-04-18 21:37:19.314] [jointLog] [info] Number of decoys : 0
[2023-04-18 21:37:31.237] [fileLog] [info] 
At end of round 0
==================
Observed 20184716 total fragments (20184716 in most recent round)

[2023-04-18 21:37:31.236] [jointLog] [info] Computed 1 rich equivalence classes for further processing
[2023-04-18 21:37:31.236] [jointLog] [info] Counted 48,143 total reads in the equivalence classes 
[2023-04-18 21:37:31.242] [jointLog] [info] Number of mappings discarded because of alignment score : 17,094
[2023-04-18 21:37:31.242] [jointLog] [info] Number of fragments entirely discarded because of alignment score : 4,630
[2023-04-18 21:37:31.242] [jointLog] [info] Number of fragments discarded because they are best-mapped to decoys : 0
[2023-04-18 21:37:31.242] [jointLog] [info] Number of fragments discarded because they have only dovetail (discordant) mappings to valid targets : 0
[2023-04-18 21:37:31.242] [jointLog] [warning] Only 48143 fragments were mapped, but the number of burn-in fragments was set to 5000000.
The effective lengths have been computed using the observed mappings.

[2023-04-18 21:37:31.242] [jointLog] [info] Mapping rate = 0.238512%

[2023-04-18 21:37:31.242] [jointLog] [info] finished quantifyLibrary()
[2023-04-18 21:37:31.243] [jointLog] [info] Starting optimizer
[2023-04-18 21:37:31.244] [jointLog] [info] Marked 0 weighted equivalence classes as degenerate
[2023-04-18 21:37:31.244] [jointLog] [info] iteration = 0 | max rel diff. = 1.51132e-16
[2023-04-18 21:37:31.244] [jointLog] [info] iteration = 100 | max rel diff. = 0
[2023-04-18 21:37:31.244] [jointLog] [info] Finished optimizer
[2023-04-18 21:37:31.244] [jointLog] [info] writing output 

[2023-04-18 21:37:31.245] [jointLog] [warning] NOTE: Read Lib [[ SRR8514732.fastq ]] :

Detected a *potential* strand bias > 1% in an unstranded protocol check the file: ../../quants/ebv_akata/d2_day0/lib_format_counts.json for details

