[2023-04-19 17:35:27.365] [jointLog] [info] setting maxHashResizeThreads to 8
[2023-04-19 17:35:27.365] [jointLog] [info] Fragment incompatibility prior below threshold.  Incompatible fragments will be ignored.
[2023-04-19 17:35:27.365] [jointLog] [info] Usage of --validateMappings implies use of minScoreFraction. Since not explicitly specified, it is being set to 0.65
[2023-04-19 17:35:27.365] [jointLog] [info] Setting consensusSlack to selective-alignment default of 0.35.
[2023-04-19 17:35:27.365] [jointLog] [info] parsing read library format
[2023-04-19 17:35:27.365] [jointLog] [info] There is 1 library.
[2023-04-19 17:35:27.366] [jointLog] [info] Loading pufferfish index
[2023-04-19 17:35:27.366] [jointLog] [info] Loading dense pufferfish index.
[2023-04-19 17:35:27.376] [jointLog] [info] done
[2023-04-19 17:35:27.494] [jointLog] [info] Index contained 82 targets
[2023-04-19 17:35:27.494] [jointLog] [info] Number of decoys : 0
[2023-04-19 17:35:35.732] [jointLog] [info] Automatically detected most likely library type as SR

[2023-04-19 17:35:43.350] [jointLog] [info] Thread saw mini-batch with a maximum of 0.20% zero probability fragments
[2023-04-19 17:35:43.358] [jointLog] [info] Thread saw mini-batch with a maximum of 0.16% zero probability fragments
[2023-04-19 17:35:43.363] [jointLog] [info] Thread saw mini-batch with a maximum of 0.22% zero probability fragments
[2023-04-19 17:35:43.366] [jointLog] [info] Thread saw mini-batch with a maximum of 0.20% zero probability fragments
[2023-04-19 17:35:43.368] [jointLog] [info] Thread saw mini-batch with a maximum of 0.18% zero probability fragments
[2023-04-19 17:35:43.371] [jointLog] [info] Thread saw mini-batch with a maximum of 0.22% zero probability fragments
[2023-04-19 17:35:43.373] [jointLog] [info] Thread saw mini-batch with a maximum of 0.18% zero probability fragments
[2023-04-19 17:35:43.374] [jointLog] [info] Thread saw mini-batch with a maximum of 0.18% zero probability fragments
[2023-04-19 17:35:43.476] [jointLog] [info] Computed 107 rich equivalence classes for further processing
[2023-04-19 17:35:43.476] [jointLog] [info] Counted 82,023 total reads in the equivalence classes 
[2023-04-19 17:35:43.484] [jointLog] [info] Number of mappings discarded because of alignment score : 8,608
[2023-04-19 17:35:43.484] [jointLog] [info] Number of fragments entirely discarded because of alignment score : 4,536
[2023-04-19 17:35:43.484] [jointLog] [info] Number of fragments discarded because they are best-mapped to decoys : 0
[2023-04-19 17:35:43.484] [jointLog] [info] Number of fragments discarded because they have only dovetail (discordant) mappings to valid targets : 0
[2023-04-19 17:35:43.485] [jointLog] [warning] Only 82023 fragments were mapped, but the number of burn-in fragments was set to 5000000.
The effective lengths have been computed using the observed mappings.

[2023-04-19 17:35:43.485] [jointLog] [info] Mapping rate = 0.35992%

[2023-04-19 17:35:43.485] [jointLog] [info] finished quantifyLibrary()
[2023-04-19 17:35:43.485] [jointLog] [info] Starting optimizer
[2023-04-19 17:35:43.487] [jointLog] [info] Marked 0 weighted equivalence classes as degenerate
[2023-04-19 17:35:43.487] [jointLog] [info] iteration = 0 | max rel diff. = 997.641
[2023-04-19 17:35:43.489] [jointLog] [info] iteration = 100 | max rel diff. = 0.0374229
[2023-04-19 17:35:43.490] [jointLog] [info] iteration = 125 | max rel diff. = 0.000246601
[2023-04-19 17:35:43.490] [jointLog] [info] Finished optimizer
[2023-04-19 17:35:43.490] [jointLog] [info] writing output 

[2023-04-19 17:35:43.476] [fileLog] [info] 
At end of round 0
==================
Observed 22789220 total fragments (22789220 in most recent round)

