[2023-04-19 16:39:43.721] [jointLog] [info] setting maxHashResizeThreads to 8
[2023-04-19 16:39:43.721] [jointLog] [info] Fragment incompatibility prior below threshold.  Incompatible fragments will be ignored.
[2023-04-19 16:39:43.721] [jointLog] [info] Usage of --validateMappings implies use of minScoreFraction. Since not explicitly specified, it is being set to 0.65
[2023-04-19 16:39:43.721] [jointLog] [info] Setting consensusSlack to selective-alignment default of 0.35.
[2023-04-19 16:39:43.721] [jointLog] [info] parsing read library format
[2023-04-19 16:39:43.721] [jointLog] [info] There is 1 library.
[2023-04-19 16:39:43.722] [jointLog] [info] Loading pufferfish index
[2023-04-19 16:39:43.723] [jointLog] [info] Loading dense pufferfish index.
[2023-04-19 16:39:43.731] [jointLog] [info] done
[2023-04-19 16:39:43.806] [jointLog] [info] Index contained 87 targets
[2023-04-19 16:39:43.806] [jointLog] [info] Number of decoys : 0
[2023-04-19 16:39:55.709] [fileLog] [info] 
At end of round 0
==================
Observed 22278717 total fragments (22278717 in most recent round)

[2023-04-19 16:39:55.709] [jointLog] [info] Computed 98 rich equivalence classes for further processing
[2023-04-19 16:39:55.709] [jointLog] [info] Counted 26,459 total reads in the equivalence classes 
[2023-04-19 16:39:55.713] [jointLog] [info] Number of mappings discarded because of alignment score : 10,357
[2023-04-19 16:39:55.713] [jointLog] [info] Number of fragments entirely discarded because of alignment score : 3,007
[2023-04-19 16:39:55.713] [jointLog] [info] Number of fragments discarded because they are best-mapped to decoys : 0
[2023-04-19 16:39:55.713] [jointLog] [info] Number of fragments discarded because they have only dovetail (discordant) mappings to valid targets : 0
[2023-04-19 16:39:55.713] [jointLog] [warning] Only 26459 fragments were mapped, but the number of burn-in fragments was set to 5000000.
The effective lengths have been computed using the observed mappings.

[2023-04-19 16:39:55.713] [jointLog] [info] Mapping rate = 0.118764%

[2023-04-19 16:39:55.713] [jointLog] [info] finished quantifyLibrary()
[2023-04-19 16:39:55.713] [jointLog] [info] Starting optimizer
[2023-04-19 16:39:55.714] [jointLog] [info] Marked 0 weighted equivalence classes as degenerate
[2023-04-19 16:39:55.714] [jointLog] [info] iteration = 0 | max rel diff. = 302.966
[2023-04-19 16:39:55.716] [jointLog] [info] iteration = 100 | max rel diff. = 1.61986e-05
[2023-04-19 16:39:55.716] [jointLog] [info] Finished optimizer
[2023-04-19 16:39:55.716] [jointLog] [info] writing output 

[2023-04-19 16:39:55.718] [jointLog] [warning] NOTE: Read Lib [[ SRR8514721.fastq ]] :

Detected a *potential* strand bias > 1% in an unstranded protocol check the file: ../../quants/ebv_akata/d0_day7/lib_format_counts.json for details

