[2023-04-19 17:35:12.493] [jointLog] [info] setting maxHashResizeThreads to 8
[2023-04-19 17:35:12.493] [jointLog] [info] Fragment incompatibility prior below threshold.  Incompatible fragments will be ignored.
[2023-04-19 17:35:12.493] [jointLog] [info] Usage of --validateMappings implies use of minScoreFraction. Since not explicitly specified, it is being set to 0.65
[2023-04-19 17:35:12.493] [jointLog] [info] Setting consensusSlack to selective-alignment default of 0.35.
[2023-04-19 17:35:12.493] [jointLog] [info] parsing read library format
[2023-04-19 17:35:12.493] [jointLog] [info] There is 1 library.
[2023-04-19 17:35:12.494] [jointLog] [info] Loading pufferfish index
[2023-04-19 17:35:12.494] [jointLog] [info] Loading dense pufferfish index.
[2023-04-19 17:35:12.506] [jointLog] [info] done
[2023-04-19 17:35:12.587] [jointLog] [info] Index contained 87 targets
[2023-04-19 17:35:12.587] [jointLog] [info] Number of decoys : 0
[2023-04-19 17:35:16.378] [jointLog] [info] Automatically detected most likely library type as SR

[2023-04-19 17:35:26.421] [jointLog] [info] Thread saw mini-batch with a maximum of 0.20% zero probability fragments
[2023-04-19 17:35:26.420] [jointLog] [info] Thread saw mini-batch with a maximum of 0.20% zero probability fragments
[2023-04-19 17:35:26.424] [jointLog] [info] Thread saw mini-batch with a maximum of 0.24% zero probability fragments
[2023-04-19 17:35:26.445] [jointLog] [info] Thread saw mini-batch with a maximum of 0.22% zero probability fragments
[2023-04-19 17:35:26.460] [jointLog] [info] Thread saw mini-batch with a maximum of 0.20% zero probability fragments
[2023-04-19 17:35:26.464] [jointLog] [info] Thread saw mini-batch with a maximum of 0.16% zero probability fragments
[2023-04-19 17:35:26.485] [jointLog] [info] Thread saw mini-batch with a maximum of 0.18% zero probability fragments
[2023-04-19 17:35:26.498] [jointLog] [info] Thread saw mini-batch with a maximum of 0.20% zero probability fragments
[2023-04-19 17:35:26.735] [jointLog] [info] Computed 117 rich equivalence classes for further processing
[2023-04-19 17:35:26.735] [jointLog] [info] Counted 158,266 total reads in the equivalence classes 
[2023-04-19 17:35:26.742] [jointLog] [info] Number of mappings discarded because of alignment score : 18,708
[2023-04-19 17:35:26.742] [jointLog] [info] Number of fragments entirely discarded because of alignment score : 9,733
[2023-04-19 17:35:26.742] [jointLog] [info] Number of fragments discarded because they are best-mapped to decoys : 0
[2023-04-19 17:35:26.742] [jointLog] [info] Number of fragments discarded because they have only dovetail (discordant) mappings to valid targets : 0
[2023-04-19 17:35:26.743] [jointLog] [warning] Only 158266 fragments were mapped, but the number of burn-in fragments was set to 5000000.
The effective lengths have been computed using the observed mappings.

[2023-04-19 17:35:26.743] [jointLog] [info] Mapping rate = 0.694477%

[2023-04-19 17:35:26.743] [jointLog] [info] finished quantifyLibrary()
[2023-04-19 17:35:26.743] [jointLog] [info] Starting optimizer
[2023-04-19 17:35:26.745] [jointLog] [info] Marked 0 weighted equivalence classes as degenerate
[2023-04-19 17:35:26.745] [jointLog] [info] iteration = 0 | max rel diff. = 1812.39
[2023-04-19 17:35:26.748] [jointLog] [info] iteration = 100 | max rel diff. = 0.0185038
[2023-04-19 17:35:26.749] [jointLog] [info] iteration = 145 | max rel diff. = 9.41697e-05
[2023-04-19 17:35:26.749] [jointLog] [info] Finished optimizer
[2023-04-19 17:35:26.749] [jointLog] [info] writing output 

[2023-04-19 17:35:26.735] [fileLog] [info] 
At end of round 0
==================
Observed 22789220 total fragments (22789220 in most recent round)

