[2023-04-19 16:36:39.000] [jointLog] [info] setting maxHashResizeThreads to 8
[2023-04-19 16:36:39.000] [jointLog] [info] Fragment incompatibility prior below threshold.  Incompatible fragments will be ignored.
[2023-04-19 16:36:39.000] [jointLog] [info] Usage of --validateMappings implies use of minScoreFraction. Since not explicitly specified, it is being set to 0.65
[2023-04-19 16:36:39.000] [jointLog] [info] Setting consensusSlack to selective-alignment default of 0.35.
[2023-04-19 16:36:39.000] [jointLog] [info] parsing read library format
[2023-04-19 16:36:39.000] [jointLog] [info] There is 1 library.
[2023-04-19 16:36:39.001] [jointLog] [info] Loading pufferfish index
[2023-04-19 16:36:39.001] [jointLog] [info] Loading dense pufferfish index.
[2023-04-19 16:36:39.010] [jointLog] [info] done
[2023-04-19 16:36:39.096] [jointLog] [info] Index contained 87 targets
[2023-04-19 16:36:39.096] [jointLog] [info] Number of decoys : 0
[2023-04-19 16:37:07.715] [fileLog] [info] 
At end of round 0
==================
Observed 53165982 total fragments (53165982 in most recent round)

[2023-04-19 16:37:07.715] [jointLog] [info] Computed 13 rich equivalence classes for further processing
[2023-04-19 16:37:07.715] [jointLog] [info] Counted 15 total reads in the equivalence classes 
[2023-04-19 16:37:07.719] [jointLog] [info] Number of mappings discarded because of alignment score : 2
[2023-04-19 16:37:07.719] [jointLog] [info] Number of fragments entirely discarded because of alignment score : 2
[2023-04-19 16:37:07.719] [jointLog] [info] Number of fragments discarded because they are best-mapped to decoys : 0
[2023-04-19 16:37:07.719] [jointLog] [info] Number of fragments discarded because they have only dovetail (discordant) mappings to valid targets : 0
[2023-04-19 16:37:07.719] [jointLog] [warning] Only 15 fragments were mapped, but the number of burn-in fragments was set to 5000000.
The effective lengths have been computed using the observed mappings.

[2023-04-19 16:37:07.719] [jointLog] [info] Mapping rate = 2.82135e-05%

[2023-04-19 16:37:07.719] [jointLog] [info] finished quantifyLibrary()
[2023-04-19 16:37:07.719] [jointLog] [info] Starting optimizer
[2023-04-19 16:37:07.721] [jointLog] [info] Marked 0 weighted equivalence classes as degenerate
[2023-04-19 16:37:07.721] [jointLog] [info] iteration = 0 | max rel diff. = 0.913793
[2023-04-19 16:37:07.722] [jointLog] [info] iteration = 100 | max rel diff. = 0
[2023-04-19 16:37:07.722] [jointLog] [info] Finished optimizer
[2023-04-19 16:37:07.722] [jointLog] [info] writing output 

[2023-04-19 16:37:07.723] [jointLog] [warning] NOTE: Read Lib [[ SRR8514720.fastq ]] :

Detected a *potential* strand bias > 1% in an unstranded protocol check the file: ../../quants/ebv_akata/d0_day4/lib_format_counts.json for details

