[2023-04-18 19:20:39.874] [jointLog] [info] setting maxHashResizeThreads to 8
[2023-04-18 19:20:39.874] [jointLog] [info] Fragment incompatibility prior below threshold.  Incompatible fragments will be ignored.
[2023-04-18 19:20:39.875] [jointLog] [info] Usage of --validateMappings implies use of minScoreFraction. Since not explicitly specified, it is being set to 0.65
[2023-04-18 19:20:39.875] [jointLog] [info] Setting consensusSlack to selective-alignment default of 0.35.
[2023-04-18 19:20:39.875] [jointLog] [info] parsing read library format
[2023-04-18 19:20:39.876] [jointLog] [info] There is 1 library.
[2023-04-18 19:20:39.879] [jointLog] [info] Loading pufferfish index
[2023-04-18 19:20:39.880] [jointLog] [info] Loading dense pufferfish index.
[2023-04-18 19:20:41.815] [jointLog] [info] done
[2023-04-18 19:20:41.886] [jointLog] [info] Index contained 252,045 targets
[2023-04-18 19:20:41.932] [jointLog] [info] Number of decoys : 0
[2023-04-18 19:20:42.210] [jointLog] [info] Automatically detected most likely library type as SR

[2023-04-18 19:21:29.982] [jointLog] [info] Thread saw mini-batch with a maximum of 1.28% zero probability fragments
[2023-04-18 19:21:30.009] [jointLog] [info] Thread saw mini-batch with a maximum of 1.20% zero probability fragments
[2023-04-18 19:21:30.010] [jointLog] [info] Thread saw mini-batch with a maximum of 1.30% zero probability fragments
[2023-04-18 19:21:30.020] [jointLog] [info] Thread saw mini-batch with a maximum of 1.14% zero probability fragments
[2023-04-18 19:21:30.029] [jointLog] [info] Thread saw mini-batch with a maximum of 1.28% zero probability fragments
[2023-04-18 19:21:30.045] [jointLog] [info] Thread saw mini-batch with a maximum of 1.14% zero probability fragments
[2023-04-18 19:21:30.067] [jointLog] [info] Thread saw mini-batch with a maximum of 1.24% zero probability fragments
[2023-04-18 19:21:30.079] [jointLog] [info] Thread saw mini-batch with a maximum of 1.20% zero probability fragments
[2023-04-18 19:21:30.341] [jointLog] [info] Computed 381,253 rich equivalence classes for further processing
[2023-04-18 19:21:30.341] [jointLog] [info] Counted 13,553,640 total reads in the equivalence classes 
[2023-04-18 19:21:30.351] [jointLog] [info] Number of mappings discarded because of alignment score : 20,547,048
[2023-04-18 19:21:30.351] [jointLog] [info] Number of fragments entirely discarded because of alignment score : 166,598
[2023-04-18 19:21:30.351] [jointLog] [info] Number of fragments discarded because they are best-mapped to decoys : 0
[2023-04-18 19:21:30.351] [jointLog] [info] Number of fragments discarded because they have only dovetail (discordant) mappings to valid targets : 0
[2023-04-18 19:21:30.351] [jointLog] [info] Mapping rate = 92.4632%

[2023-04-18 19:21:30.351] [jointLog] [info] finished quantifyLibrary()
[2023-04-18 19:21:30.354] [jointLog] [info] Starting optimizer
[2023-04-18 19:21:30.483] [jointLog] [info] Marked 0 weighted equivalence classes as degenerate
[2023-04-18 19:21:30.498] [jointLog] [info] iteration = 0 | max rel diff. = 3917.96
[2023-04-18 19:21:30.342] [fileLog] [info] 
At end of round 0
==================
Observed 14658414 total fragments (14658414 in most recent round)

[2023-04-18 19:21:31.832] [jointLog] [info] iteration = 100 | max rel diff. = 16.6006
[2023-04-18 19:21:33.154] [jointLog] [info] iteration = 200 | max rel diff. = 8.05711
[2023-04-18 19:21:34.417] [jointLog] [info] iteration = 300 | max rel diff. = 13.8116
[2023-04-18 19:21:35.698] [jointLog] [info] iteration = 400 | max rel diff. = 15.4272
[2023-04-18 19:21:36.965] [jointLog] [info] iteration = 500 | max rel diff. = 13.1491
[2023-04-18 19:21:38.256] [jointLog] [info] iteration = 600 | max rel diff. = 1.35905
[2023-04-18 19:21:39.546] [jointLog] [info] iteration = 700 | max rel diff. = 10.9368
[2023-04-18 19:21:40.845] [jointLog] [info] iteration = 800 | max rel diff. = 0.387928
[2023-04-18 19:21:42.123] [jointLog] [info] iteration = 900 | max rel diff. = 0.621242
[2023-04-18 19:21:43.423] [jointLog] [info] iteration = 1,000 | max rel diff. = 0.302532
[2023-04-18 19:21:44.724] [jointLog] [info] iteration = 1,100 | max rel diff. = 2.24923
[2023-04-18 19:21:45.984] [jointLog] [info] iteration = 1,200 | max rel diff. = 0.111191
[2023-04-18 19:21:47.249] [jointLog] [info] iteration = 1,300 | max rel diff. = 0.361301
[2023-04-18 19:21:48.536] [jointLog] [info] iteration = 1,400 | max rel diff. = 0.224167
[2023-04-18 19:21:49.846] [jointLog] [info] iteration = 1,500 | max rel diff. = 0.0563337
[2023-04-18 19:21:51.106] [jointLog] [info] iteration = 1,600 | max rel diff. = 0.0344688
[2023-04-18 19:21:52.358] [jointLog] [info] iteration = 1,700 | max rel diff. = 0.0510905
[2023-04-18 19:21:53.622] [jointLog] [info] iteration = 1,800 | max rel diff. = 0.157544
[2023-04-18 19:21:54.887] [jointLog] [info] iteration = 1,900 | max rel diff. = 0.0884792
[2023-04-18 19:21:56.195] [jointLog] [info] iteration = 2,000 | max rel diff. = 0.0313397
[2023-04-18 19:21:57.164] [jointLog] [info] iteration = 2,074 | max rel diff. = 0.00943804
[2023-04-18 19:21:57.171] [jointLog] [info] Finished optimizer
[2023-04-18 19:21:57.171] [jointLog] [info] writing output 

