[2023-04-18 17:48:18.649] [jointLog] [info] setting maxHashResizeThreads to 8
[2023-04-18 17:48:18.649] [jointLog] [info] Fragment incompatibility prior below threshold.  Incompatible fragments will be ignored.
[2023-04-18 17:48:18.649] [jointLog] [info] Usage of --validateMappings implies use of minScoreFraction. Since not explicitly specified, it is being set to 0.65
[2023-04-18 17:48:18.649] [jointLog] [info] Setting consensusSlack to selective-alignment default of 0.35.
[2023-04-18 17:48:18.649] [jointLog] [info] parsing read library format
[2023-04-18 17:48:18.649] [jointLog] [info] There is 1 library.
[2023-04-18 17:48:18.650] [jointLog] [info] Loading pufferfish index
[2023-04-18 17:48:18.650] [jointLog] [info] Loading dense pufferfish index.
[2023-04-18 17:48:18.658] [jointLog] [info] done
[2023-04-18 17:48:18.745] [jointLog] [info] Index contained 1 targets
[2023-04-18 17:48:18.745] [jointLog] [info] Number of decoys : 0
[2023-04-18 17:48:29.689] [fileLog] [info] 
At end of round 0
==================
Observed 19014947 total fragments (19014947 in most recent round)

[2023-04-18 17:48:29.689] [jointLog] [info] Computed 1 rich equivalence classes for further processing
[2023-04-18 17:48:29.689] [jointLog] [info] Counted 10 total reads in the equivalence classes 
[2023-04-18 17:48:29.693] [jointLog] [info] Number of mappings discarded because of alignment score : 6
[2023-04-18 17:48:29.693] [jointLog] [info] Number of fragments entirely discarded because of alignment score : 3
[2023-04-18 17:48:29.693] [jointLog] [info] Number of fragments discarded because they are best-mapped to decoys : 0
[2023-04-18 17:48:29.693] [jointLog] [info] Number of fragments discarded because they have only dovetail (discordant) mappings to valid targets : 0
[2023-04-18 17:48:29.693] [jointLog] [warning] Only 10 fragments were mapped, but the number of burn-in fragments was set to 5000000.
The effective lengths have been computed using the observed mappings.

[2023-04-18 17:48:29.693] [jointLog] [info] Mapping rate = 5.25902e-05%

[2023-04-18 17:48:29.693] [jointLog] [info] finished quantifyLibrary()
[2023-04-18 17:48:29.694] [jointLog] [info] Starting optimizer
[2023-04-18 17:48:29.695] [jointLog] [info] Marked 0 weighted equivalence classes as degenerate
[2023-04-18 17:48:29.695] [jointLog] [info] iteration = 0 | max rel diff. = 1.77636e-16
[2023-04-18 17:48:29.695] [jointLog] [info] iteration = 100 | max rel diff. = 0
[2023-04-18 17:48:29.695] [jointLog] [info] Finished optimizer
[2023-04-18 17:48:29.695] [jointLog] [info] writing output 

[2023-04-18 17:48:29.695] [jointLog] [warning] NOTE: Read Lib [[ SRR8514718.fastq ]] :

Detected a *potential* strand bias > 1% in an unstranded protocol check the file: ../../quants/ebv_akata/d0_day0/lib_format_counts.json for details

