[2023-04-19 16:39:56.196] [jointLog] [info] setting maxHashResizeThreads to 8
[2023-04-19 16:39:56.196] [jointLog] [info] Fragment incompatibility prior below threshold.  Incompatible fragments will be ignored.
[2023-04-19 16:39:56.196] [jointLog] [info] Usage of --validateMappings implies use of minScoreFraction. Since not explicitly specified, it is being set to 0.65
[2023-04-19 16:39:56.196] [jointLog] [info] Setting consensusSlack to selective-alignment default of 0.35.
[2023-04-19 16:39:56.196] [jointLog] [info] parsing read library format
[2023-04-19 16:39:56.196] [jointLog] [info] There is 1 library.
[2023-04-19 16:39:56.197] [jointLog] [info] Loading pufferfish index
[2023-04-19 16:39:56.198] [jointLog] [info] Loading dense pufferfish index.
[2023-04-19 16:39:56.206] [jointLog] [info] done
[2023-04-19 16:39:56.287] [jointLog] [info] Index contained 82 targets
[2023-04-19 16:39:56.287] [jointLog] [info] Number of decoys : 0
[2023-04-19 16:40:08.133] [fileLog] [info] 
At end of round 0
==================
Observed 22278717 total fragments (22278717 in most recent round)

[2023-04-19 16:40:08.132] [jointLog] [info] Computed 91 rich equivalence classes for further processing
[2023-04-19 16:40:08.132] [jointLog] [info] Counted 20,456 total reads in the equivalence classes 
[2023-04-19 16:40:08.136] [jointLog] [info] Number of mappings discarded because of alignment score : 8,325
[2023-04-19 16:40:08.136] [jointLog] [info] Number of fragments entirely discarded because of alignment score : 2,176
[2023-04-19 16:40:08.136] [jointLog] [info] Number of fragments discarded because they are best-mapped to decoys : 0
[2023-04-19 16:40:08.136] [jointLog] [info] Number of fragments discarded because they have only dovetail (discordant) mappings to valid targets : 0
[2023-04-19 16:40:08.136] [jointLog] [warning] Only 20456 fragments were mapped, but the number of burn-in fragments was set to 5000000.
The effective lengths have been computed using the observed mappings.

[2023-04-19 16:40:08.136] [jointLog] [info] Mapping rate = 0.0918186%

[2023-04-19 16:40:08.136] [jointLog] [info] finished quantifyLibrary()
[2023-04-19 16:40:08.137] [jointLog] [info] Starting optimizer
[2023-04-19 16:40:08.138] [jointLog] [info] Marked 0 weighted equivalence classes as degenerate
[2023-04-19 16:40:08.138] [jointLog] [info] iteration = 0 | max rel diff. = 248.362
[2023-04-19 16:40:08.139] [jointLog] [info] iteration = 100 | max rel diff. = 1.61986e-05
[2023-04-19 16:40:08.139] [jointLog] [info] Finished optimizer
[2023-04-19 16:40:08.139] [jointLog] [info] writing output 

[2023-04-19 16:40:08.140] [jointLog] [warning] NOTE: Read Lib [[ SRR8514721.fastq ]] :

Detected a *potential* strand bias > 1% in an unstranded protocol check the file: ../../quants/ebv_mutu/d0_day7/lib_format_counts.json for details

