[2023-04-18 18:35:59.600] [jointLog] [info] setting maxHashResizeThreads to 8
[2023-04-18 18:35:59.600] [jointLog] [info] Fragment incompatibility prior below threshold.  Incompatible fragments will be ignored.
[2023-04-18 18:35:59.600] [jointLog] [info] Usage of --validateMappings implies use of minScoreFraction. Since not explicitly specified, it is being set to 0.65
[2023-04-18 18:35:59.600] [jointLog] [info] Setting consensusSlack to selective-alignment default of 0.35.
[2023-04-18 18:35:59.600] [jointLog] [info] parsing read library format
[2023-04-18 18:35:59.600] [jointLog] [info] There is 1 library.
[2023-04-18 18:35:59.601] [jointLog] [info] Loading pufferfish index
[2023-04-18 18:35:59.601] [jointLog] [info] Loading dense pufferfish index.
[2023-04-18 18:35:59.610] [jointLog] [info] done
[2023-04-18 18:35:59.674] [jointLog] [info] Index contained 1 targets
[2023-04-18 18:35:59.674] [jointLog] [info] Number of decoys : 0
[2023-04-18 18:36:46.536] [fileLog] [info] 
At end of round 0
==================
Observed 84090172 total fragments (84090172 in most recent round)

[2023-04-18 18:36:46.535] [jointLog] [info] Computed 1 rich equivalence classes for further processing
[2023-04-18 18:36:46.535] [jointLog] [info] Counted 85 total reads in the equivalence classes 
[2023-04-18 18:36:46.538] [jointLog] [info] Number of mappings discarded because of alignment score : 10
[2023-04-18 18:36:46.538] [jointLog] [info] Number of fragments entirely discarded because of alignment score : 4
[2023-04-18 18:36:46.538] [jointLog] [info] Number of fragments discarded because they are best-mapped to decoys : 0
[2023-04-18 18:36:46.538] [jointLog] [info] Number of fragments discarded because they have only dovetail (discordant) mappings to valid targets : 0
[2023-04-18 18:36:46.538] [jointLog] [warning] Only 85 fragments were mapped, but the number of burn-in fragments was set to 5000000.
The effective lengths have been computed using the observed mappings.

[2023-04-18 18:36:46.538] [jointLog] [info] Mapping rate = 0.000101082%

[2023-04-18 18:36:46.538] [jointLog] [info] finished quantifyLibrary()
[2023-04-18 18:36:46.539] [jointLog] [info] Starting optimizer
[2023-04-18 18:36:46.540] [jointLog] [info] Marked 0 weighted equivalence classes as degenerate
[2023-04-18 18:36:46.540] [jointLog] [info] iteration = 0 | max rel diff. = 1.67187e-16
[2023-04-18 18:36:46.540] [jointLog] [info] iteration = 100 | max rel diff. = 0
[2023-04-18 18:36:46.540] [jointLog] [info] Finished optimizer
[2023-04-18 18:36:46.540] [jointLog] [info] writing output 

