[2023-04-19 16:41:41.739] [jointLog] [info] setting maxHashResizeThreads to 8
[2023-04-19 16:41:41.739] [jointLog] [info] Fragment incompatibility prior below threshold.  Incompatible fragments will be ignored.
[2023-04-19 16:41:41.739] [jointLog] [info] Usage of --validateMappings implies use of minScoreFraction. Since not explicitly specified, it is being set to 0.65
[2023-04-19 16:41:41.739] [jointLog] [info] Setting consensusSlack to selective-alignment default of 0.35.
[2023-04-19 16:41:41.739] [jointLog] [info] parsing read library format
[2023-04-19 16:41:41.739] [jointLog] [info] There is 1 library.
[2023-04-19 16:41:41.740] [jointLog] [info] Loading pufferfish index
[2023-04-19 16:41:41.741] [jointLog] [info] Loading dense pufferfish index.
[2023-04-19 16:41:41.748] [jointLog] [info] done
[2023-04-19 16:41:41.815] [jointLog] [info] Index contained 82 targets
[2023-04-19 16:41:41.815] [jointLog] [info] Number of decoys : 0
[2023-04-19 16:41:48.493] [jointLog] [info] Computed 83 rich equivalence classes for further processing
[2023-04-19 16:41:48.493] [jointLog] [info] Counted 12,688 total reads in the equivalence classes 
[2023-04-19 16:41:48.497] [jointLog] [info] Number of mappings discarded because of alignment score : 4,934
[2023-04-19 16:41:48.497] [jointLog] [info] Number of fragments entirely discarded because of alignment score : 1,337
[2023-04-19 16:41:48.497] [jointLog] [info] Number of fragments discarded because they are best-mapped to decoys : 0
[2023-04-19 16:41:48.497] [jointLog] [info] Number of fragments discarded because they have only dovetail (discordant) mappings to valid targets : 0
[2023-04-19 16:41:48.497] [jointLog] [warning] Only 12688 fragments were mapped, but the number of burn-in fragments was set to 5000000.
The effective lengths have been computed using the observed mappings.

[2023-04-19 16:41:48.497] [jointLog] [info] Mapping rate = 0.097284%

[2023-04-19 16:41:48.497] [jointLog] [info] finished quantifyLibrary()
[2023-04-19 16:41:48.497] [jointLog] [info] Starting optimizer
[2023-04-19 16:41:48.498] [jointLog] [info] Marked 0 weighted equivalence classes as degenerate
[2023-04-19 16:41:48.498] [jointLog] [info] iteration = 0 | max rel diff. = 153.693
[2023-04-19 16:41:48.500] [jointLog] [info] iteration = 100 | max rel diff. = 7.37151e-12
[2023-04-19 16:41:48.500] [jointLog] [info] Finished optimizer
[2023-04-19 16:41:48.500] [jointLog] [info] writing output 

[2023-04-19 16:41:48.500] [jointLog] [warning] NOTE: Read Lib [[ SRR8514722.fastq ]] :

Detected a *potential* strand bias > 1% in an unstranded protocol check the file: ../../quants/ebv_mutu/d0_day14/lib_format_counts.json for details

[2023-04-19 16:41:48.493] [fileLog] [info] 
At end of round 0
==================
Observed 13042225 total fragments (13042225 in most recent round)

