[2023-04-19 16:43:20.675] [jointLog] [info] setting maxHashResizeThreads to 8
[2023-04-19 16:43:20.675] [jointLog] [info] Fragment incompatibility prior below threshold.  Incompatible fragments will be ignored.
[2023-04-19 16:43:20.675] [jointLog] [info] Usage of --validateMappings implies use of minScoreFraction. Since not explicitly specified, it is being set to 0.65
[2023-04-19 16:43:20.675] [jointLog] [info] Setting consensusSlack to selective-alignment default of 0.35.
[2023-04-19 16:43:20.675] [jointLog] [info] parsing read library format
[2023-04-19 16:43:20.675] [jointLog] [info] There is 1 library.
[2023-04-19 16:43:20.676] [jointLog] [info] Loading pufferfish index
[2023-04-19 16:43:20.676] [jointLog] [info] Loading dense pufferfish index.
[2023-04-19 16:43:20.684] [jointLog] [info] done
[2023-04-19 16:43:20.748] [jointLog] [info] Index contained 87 targets
[2023-04-19 16:43:20.748] [jointLog] [info] Number of decoys : 0
[2023-04-19 17:01:00.929] [fileLog] [info] 
At end of round 0
==================
Observed 14177709 total fragments (14177709 in most recent round)

[2023-04-19 17:01:00.928] [jointLog] [info] Computed 92 rich equivalence classes for further processing
[2023-04-19 17:01:00.928] [jointLog] [info] Counted 12,568 total reads in the equivalence classes 
[2023-04-19 17:01:00.944] [jointLog] [info] Number of mappings discarded because of alignment score : 5,097
[2023-04-19 17:01:00.944] [jointLog] [info] Number of fragments entirely discarded because of alignment score : 1,451
[2023-04-19 17:01:00.944] [jointLog] [info] Number of fragments discarded because they are best-mapped to decoys : 0
[2023-04-19 17:01:00.944] [jointLog] [info] Number of fragments discarded because they have only dovetail (discordant) mappings to valid targets : 0
[2023-04-19 17:01:00.944] [jointLog] [warning] Only 12568 fragments were mapped, but the number of burn-in fragments was set to 5000000.
The effective lengths have been computed using the observed mappings.

[2023-04-19 17:01:00.944] [jointLog] [info] Mapping rate = 0.0886462%

[2023-04-19 17:01:00.944] [jointLog] [info] finished quantifyLibrary()
[2023-04-19 17:01:00.945] [jointLog] [info] Starting optimizer
[2023-04-19 17:01:00.947] [jointLog] [info] Marked 0 weighted equivalence classes as degenerate
[2023-04-19 17:01:00.947] [jointLog] [info] iteration = 0 | max rel diff. = 143.424
[2023-04-19 17:01:00.949] [jointLog] [info] iteration = 100 | max rel diff. = 0.000187248
[2023-04-19 17:01:00.949] [jointLog] [info] Finished optimizer
[2023-04-19 17:01:00.949] [jointLog] [info] writing output 

[2023-04-19 17:01:00.951] [jointLog] [warning] NOTE: Read Lib [[ SRR8514723.fastq ]] :

Detected a *potential* strand bias > 1% in an unstranded protocol check the file: ../../quants/ebv_akata/d0_day21/lib_format_counts.json for details

