[2023-04-18 19:15:37.252] [jointLog] [info] setting maxHashResizeThreads to 8
[2023-04-18 19:15:37.252] [jointLog] [info] Fragment incompatibility prior below threshold.  Incompatible fragments will be ignored.
[2023-04-18 19:15:37.252] [jointLog] [info] Usage of --validateMappings implies use of minScoreFraction. Since not explicitly specified, it is being set to 0.65
[2023-04-18 19:15:37.252] [jointLog] [info] Setting consensusSlack to selective-alignment default of 0.35.
[2023-04-18 19:15:37.252] [jointLog] [info] parsing read library format
[2023-04-18 19:15:37.252] [jointLog] [info] There is 1 library.
[2023-04-18 19:15:37.253] [jointLog] [info] Loading pufferfish index
[2023-04-18 19:15:37.254] [jointLog] [info] Loading dense pufferfish index.
[2023-04-18 19:15:37.294] [jointLog] [info] done
[2023-04-18 19:15:37.375] [jointLog] [info] Index contained 1 targets
[2023-04-18 19:15:37.375] [jointLog] [info] Number of decoys : 0
[2023-04-18 19:15:46.160] [fileLog] [info] 
At end of round 0
==================
Observed 14177709 total fragments (14177709 in most recent round)

[2023-04-18 19:15:46.160] [jointLog] [info] Computed 1 rich equivalence classes for further processing
[2023-04-18 19:15:46.160] [jointLog] [info] Counted 18,924 total reads in the equivalence classes 
[2023-04-18 19:15:46.163] [jointLog] [info] Number of mappings discarded because of alignment score : 11,516
[2023-04-18 19:15:46.163] [jointLog] [info] Number of fragments entirely discarded because of alignment score : 1,965
[2023-04-18 19:15:46.163] [jointLog] [info] Number of fragments discarded because they are best-mapped to decoys : 0
[2023-04-18 19:15:46.163] [jointLog] [info] Number of fragments discarded because they have only dovetail (discordant) mappings to valid targets : 0
[2023-04-18 19:15:46.164] [jointLog] [warning] Only 18924 fragments were mapped, but the number of burn-in fragments was set to 5000000.
The effective lengths have been computed using the observed mappings.

[2023-04-18 19:15:46.164] [jointLog] [info] Mapping rate = 0.133477%

[2023-04-18 19:15:46.164] [jointLog] [info] finished quantifyLibrary()
[2023-04-18 19:15:46.164] [jointLog] [info] Starting optimizer
[2023-04-18 19:15:46.165] [jointLog] [info] Marked 0 weighted equivalence classes as degenerate
[2023-04-18 19:15:46.165] [jointLog] [info] iteration = 0 | max rel diff. = 1.92242e-16
[2023-04-18 19:15:46.165] [jointLog] [info] iteration = 100 | max rel diff. = 0
[2023-04-18 19:15:46.165] [jointLog] [info] Finished optimizer
[2023-04-18 19:15:46.165] [jointLog] [info] writing output 

[2023-04-18 19:15:46.165] [jointLog] [warning] NOTE: Read Lib [[ SRR8514723.fastq ]] :

Detected a *potential* strand bias > 1% in an unstranded protocol check the file: ../../quants/ebv_mutu/d0_day21/lib_format_counts.json for details

