[2023-04-18 21:07:07.432] [jointLog] [info] setting maxHashResizeThreads to 8
[2023-04-18 21:07:07.432] [jointLog] [info] Fragment incompatibility prior below threshold.  Incompatible fragments will be ignored.
[2023-04-18 21:07:07.432] [jointLog] [info] Usage of --validateMappings implies use of minScoreFraction. Since not explicitly specified, it is being set to 0.65
[2023-04-18 21:07:07.432] [jointLog] [info] Setting consensusSlack to selective-alignment default of 0.35.
[2023-04-18 21:07:07.432] [jointLog] [info] parsing read library format
[2023-04-18 21:07:07.432] [jointLog] [info] There is 1 library.
[2023-04-18 21:07:07.433] [jointLog] [info] Loading pufferfish index
[2023-04-18 21:07:07.434] [jointLog] [info] Loading dense pufferfish index.
[2023-04-18 21:07:07.514] [jointLog] [info] done
[2023-04-18 21:07:07.588] [jointLog] [info] Index contained 1 targets
[2023-04-18 21:07:07.588] [jointLog] [info] Number of decoys : 0
[2023-04-18 21:07:15.305] [jointLog] [info] Automatically detected most likely library type as U

[2023-04-18 21:07:18.370] [jointLog] [info] Computed 1 rich equivalence classes for further processing
[2023-04-18 21:07:18.370] [jointLog] [info] Counted 69,418 total reads in the equivalence classes 
[2023-04-18 21:07:18.376] [jointLog] [info] Number of mappings discarded because of alignment score : 11,555
[2023-04-18 21:07:18.376] [jointLog] [info] Number of fragments entirely discarded because of alignment score : 2,436
[2023-04-18 21:07:18.376] [jointLog] [info] Number of fragments discarded because they are best-mapped to decoys : 0
[2023-04-18 21:07:18.376] [jointLog] [info] Number of fragments discarded because they have only dovetail (discordant) mappings to valid targets : 0
[2023-04-18 21:07:18.376] [jointLog] [warning] Only 69418 fragments were mapped, but the number of burn-in fragments was set to 5000000.
The effective lengths have been computed using the observed mappings.

[2023-04-18 21:07:18.376] [jointLog] [info] Mapping rate = 0.399429%

[2023-04-18 21:07:18.376] [jointLog] [info] finished quantifyLibrary()
[2023-04-18 21:07:18.376] [jointLog] [info] Starting optimizer
[2023-04-18 21:07:18.377] [jointLog] [info] Marked 0 weighted equivalence classes as degenerate
[2023-04-18 21:07:18.377] [jointLog] [info] iteration = 0 | max rel diff. = 2.09627e-16
[2023-04-18 21:07:18.377] [jointLog] [info] iteration = 100 | max rel diff. = 0
[2023-04-18 21:07:18.377] [jointLog] [info] Finished optimizer
[2023-04-18 21:07:18.377] [jointLog] [info] writing output 

[2023-04-18 21:07:18.378] [jointLog] [warning] NOTE: Read Lib [[ SRR8514730.fastq ]] :

Detected a *potential* strand bias > 1% in an unstranded protocol check the file: ../../quants/ebv_mutu/d1_day21/lib_format_counts.json for details

[2023-04-18 21:07:18.370] [fileLog] [info] 
At end of round 0
==================
Observed 17379321 total fragments (17379321 in most recent round)

