[2023-04-18 18:48:51.892] [jointLog] [info] setting maxHashResizeThreads to 8
[2023-04-18 18:48:51.892] [jointLog] [info] Fragment incompatibility prior below threshold.  Incompatible fragments will be ignored.
[2023-04-18 18:48:51.892] [jointLog] [info] Usage of --validateMappings implies use of minScoreFraction. Since not explicitly specified, it is being set to 0.65
[2023-04-18 18:48:51.892] [jointLog] [info] Setting consensusSlack to selective-alignment default of 0.35.
[2023-04-18 18:48:51.892] [jointLog] [info] parsing read library format
[2023-04-18 18:48:51.893] [jointLog] [info] There is 1 library.
[2023-04-18 18:48:51.895] [jointLog] [info] Loading pufferfish index
[2023-04-18 18:48:51.896] [jointLog] [info] Loading dense pufferfish index.
[2023-04-18 18:48:53.244] [jointLog] [info] done
[2023-04-18 18:48:53.318] [jointLog] [info] Index contained 252,045 targets
[2023-04-18 18:48:53.365] [jointLog] [info] Number of decoys : 0
[2023-04-18 18:48:53.614] [jointLog] [info] Automatically detected most likely library type as SR

[2023-04-18 18:53:28.110] [jointLog] [info] Thread saw mini-batch with a maximum of 1.68% zero probability fragments
[2023-04-18 18:53:28.210] [jointLog] [info] Thread saw mini-batch with a maximum of 1.93% zero probability fragments
[2023-04-18 18:53:28.250] [jointLog] [info] Thread saw mini-batch with a maximum of 1.68% zero probability fragments
[2023-04-18 18:53:28.279] [jointLog] [info] Thread saw mini-batch with a maximum of 1.70% zero probability fragments
[2023-04-18 18:53:28.294] [jointLog] [info] Thread saw mini-batch with a maximum of 1.70% zero probability fragments
[2023-04-18 18:53:28.335] [jointLog] [info] Thread saw mini-batch with a maximum of 1.84% zero probability fragments
[2023-04-18 18:53:28.346] [jointLog] [info] Thread saw mini-batch with a maximum of 1.66% zero probability fragments
[2023-04-18 18:53:28.395] [jointLog] [info] Thread saw mini-batch with a maximum of 1.72% zero probability fragments
[2023-04-18 18:53:29.050] [jointLog] [info] Computed 775,286 rich equivalence classes for further processing
[2023-04-18 18:53:29.050] [jointLog] [info] Counted 43,534,503 total reads in the equivalence classes 
[2023-04-18 18:53:29.064] [jointLog] [info] Number of mappings discarded because of alignment score : 174,825,265
[2023-04-18 18:53:29.064] [jointLog] [info] Number of fragments entirely discarded because of alignment score : 1,295,538
[2023-04-18 18:53:29.064] [jointLog] [info] Number of fragments discarded because they are best-mapped to decoys : 0
[2023-04-18 18:53:29.064] [jointLog] [info] Number of fragments discarded because they have only dovetail (discordant) mappings to valid targets : 0
[2023-04-18 18:53:29.064] [jointLog] [info] Mapping rate = 81.8841%

[2023-04-18 18:53:29.064] [jointLog] [info] finished quantifyLibrary()
[2023-04-18 18:53:29.068] [jointLog] [info] Starting optimizer
[2023-04-18 18:53:29.050] [fileLog] [info] 
At end of round 0
==================
Observed 53165982 total fragments (53165982 in most recent round)

[2023-04-18 18:53:48.724] [jointLog] [info] Marked 0 weighted equivalence classes as degenerate
[2023-04-18 18:53:48.756] [jointLog] [info] iteration = 0 | max rel diff. = 2232.4
[2023-04-18 18:53:51.946] [jointLog] [info] iteration = 100 | max rel diff. = 18.3589
[2023-04-18 18:53:55.033] [jointLog] [info] iteration = 200 | max rel diff. = 18.1295
[2023-04-18 18:53:57.863] [jointLog] [info] iteration = 300 | max rel diff. = 16.5029
[2023-04-18 18:54:01.431] [jointLog] [info] iteration = 400 | max rel diff. = 3.10357
[2023-04-18 18:54:04.031] [jointLog] [info] iteration = 500 | max rel diff. = 0.795435
[2023-04-18 18:54:06.570] [jointLog] [info] iteration = 600 | max rel diff. = 5.18324
[2023-04-18 18:54:09.489] [jointLog] [info] iteration = 700 | max rel diff. = 0.184841
[2023-04-18 18:54:12.443] [jointLog] [info] iteration = 800 | max rel diff. = 0.734005
[2023-04-18 18:54:15.383] [jointLog] [info] iteration = 900 | max rel diff. = 2.04341
[2023-04-18 18:54:18.631] [jointLog] [info] iteration = 1,000 | max rel diff. = 7.3376
[2023-04-18 18:54:21.588] [jointLog] [info] iteration = 1,100 | max rel diff. = 0.525031
[2023-04-18 18:54:24.310] [jointLog] [info] iteration = 1,200 | max rel diff. = 0.158327
[2023-04-18 18:54:26.814] [jointLog] [info] iteration = 1,300 | max rel diff. = 0.823
[2023-04-18 18:54:29.352] [jointLog] [info] iteration = 1,400 | max rel diff. = 0.231495
[2023-04-18 18:54:32.367] [jointLog] [info] iteration = 1,500 | max rel diff. = 0.0800797
[2023-04-18 18:54:35.176] [jointLog] [info] iteration = 1,600 | max rel diff. = 0.792595
[2023-04-18 18:54:38.012] [jointLog] [info] iteration = 1,700 | max rel diff. = 0.246566
[2023-04-18 18:54:41.010] [jointLog] [info] iteration = 1,800 | max rel diff. = 3.45544
[2023-04-18 18:54:44.252] [jointLog] [info] iteration = 1,900 | max rel diff. = 1.73237
[2023-04-18 18:54:47.266] [jointLog] [info] iteration = 2,000 | max rel diff. = 0.161053
[2023-04-18 18:54:50.148] [jointLog] [info] iteration = 2,100 | max rel diff. = 0.18129
[2023-04-18 18:54:53.279] [jointLog] [info] iteration = 2,200 | max rel diff. = 0.0759783
[2023-04-18 18:54:56.547] [jointLog] [info] iteration = 2,300 | max rel diff. = 0.00976451
[2023-04-18 18:54:56.555] [jointLog] [info] Finished optimizer
[2023-04-18 18:54:56.555] [jointLog] [info] writing output 

