[2023-04-19 17:29:30.350] [jointLog] [info] setting maxHashResizeThreads to 8
[2023-04-19 17:29:30.350] [jointLog] [info] Fragment incompatibility prior below threshold.  Incompatible fragments will be ignored.
[2023-04-19 17:29:30.350] [jointLog] [info] Usage of --validateMappings implies use of minScoreFraction. Since not explicitly specified, it is being set to 0.65
[2023-04-19 17:29:30.350] [jointLog] [info] Setting consensusSlack to selective-alignment default of 0.35.
[2023-04-19 17:29:30.350] [jointLog] [info] parsing read library format
[2023-04-19 17:29:30.350] [jointLog] [info] There is 1 library.
[2023-04-19 17:29:30.351] [jointLog] [info] Loading pufferfish index
[2023-04-19 17:29:30.351] [jointLog] [info] Loading dense pufferfish index.
[2023-04-19 17:29:32.832] [jointLog] [info] done
[2023-04-19 17:29:32.952] [jointLog] [info] Index contained 252,045 targets
[2023-04-19 17:29:33.040] [jointLog] [info] Number of decoys : 0
[2023-04-19 17:29:33.606] [jointLog] [info] Automatically detected most likely library type as SR

[2023-04-19 17:30:24.258] [jointLog] [info] Thread saw mini-batch with a maximum of 1.40% zero probability fragments
[2023-04-19 17:30:24.283] [jointLog] [info] Thread saw mini-batch with a maximum of 1.36% zero probability fragments
[2023-04-19 17:30:24.292] [jointLog] [info] Thread saw mini-batch with a maximum of 1.36% zero probability fragments
[2023-04-19 17:30:24.304] [jointLog] [info] Thread saw mini-batch with a maximum of 1.34% zero probability fragments
[2023-04-19 17:30:24.326] [jointLog] [info] Thread saw mini-batch with a maximum of 1.40% zero probability fragments
[2023-04-19 17:30:24.326] [jointLog] [info] Thread saw mini-batch with a maximum of 1.40% zero probability fragments
[2023-04-19 17:30:24.338] [jointLog] [info] Thread saw mini-batch with a maximum of 1.30% zero probability fragments
[2023-04-19 17:30:24.358] [jointLog] [info] Thread saw mini-batch with a maximum of 1.38% zero probability fragments
[2023-04-19 17:30:24.673] [fileLog] [info] 
At end of round 0
==================
Observed 14513073 total fragments (14513073 in most recent round)

[2023-04-19 17:30:24.672] [jointLog] [info] Computed 388,204 rich equivalence classes for further processing
[2023-04-19 17:30:24.672] [jointLog] [info] Counted 13,115,746 total reads in the equivalence classes 
[2023-04-19 17:30:24.683] [jointLog] [info] Number of mappings discarded because of alignment score : 22,280,235
[2023-04-19 17:30:24.683] [jointLog] [info] Number of fragments entirely discarded because of alignment score : 210,955
[2023-04-19 17:30:24.683] [jointLog] [info] Number of fragments discarded because they are best-mapped to decoys : 0
[2023-04-19 17:30:24.683] [jointLog] [info] Number of fragments discarded because they have only dovetail (discordant) mappings to valid targets : 0
[2023-04-19 17:30:24.683] [jointLog] [info] Mapping rate = 90.3719%

[2023-04-19 17:30:24.683] [jointLog] [info] finished quantifyLibrary()
[2023-04-19 17:30:24.685] [jointLog] [info] Starting optimizer
[2023-04-19 17:30:24.830] [jointLog] [info] Marked 0 weighted equivalence classes as degenerate
[2023-04-19 17:30:24.852] [jointLog] [info] iteration = 0 | max rel diff. = 3833.86
[2023-04-19 17:30:26.378] [jointLog] [info] iteration = 100 | max rel diff. = 15.4669
[2023-04-19 17:30:27.955] [jointLog] [info] iteration = 200 | max rel diff. = 17.7714
[2023-04-19 17:30:29.444] [jointLog] [info] iteration = 300 | max rel diff. = 10.1958
[2023-04-19 17:30:31.043] [jointLog] [info] iteration = 400 | max rel diff. = 2.03889
[2023-04-19 17:30:32.419] [jointLog] [info] iteration = 500 | max rel diff. = 3.89334
[2023-04-19 17:30:33.862] [jointLog] [info] iteration = 600 | max rel diff. = 8.79556
[2023-04-19 17:30:35.350] [jointLog] [info] iteration = 700 | max rel diff. = 3.10369
[2023-04-19 17:30:37.021] [jointLog] [info] iteration = 800 | max rel diff. = 1.92424
[2023-04-19 17:30:38.585] [jointLog] [info] iteration = 900 | max rel diff. = 1.73106
[2023-04-19 17:30:40.150] [jointLog] [info] iteration = 1,000 | max rel diff. = 0.362371
[2023-04-19 17:30:41.799] [jointLog] [info] iteration = 1,100 | max rel diff. = 0.95498
[2023-04-19 17:30:43.156] [jointLog] [info] iteration = 1,200 | max rel diff. = 0.198029
[2023-04-19 17:30:44.786] [jointLog] [info] iteration = 1,300 | max rel diff. = 0.141771
[2023-04-19 17:30:46.374] [jointLog] [info] iteration = 1,400 | max rel diff. = 0.119928
[2023-04-19 17:30:48.261] [jointLog] [info] iteration = 1,500 | max rel diff. = 0.237264
[2023-04-19 17:30:49.849] [jointLog] [info] iteration = 1,600 | max rel diff. = 0.664409
[2023-04-19 17:30:51.391] [jointLog] [info] iteration = 1,700 | max rel diff. = 1.39534
[2023-04-19 17:30:52.937] [jointLog] [info] iteration = 1,800 | max rel diff. = 0.051977
[2023-04-19 17:30:54.493] [jointLog] [info] iteration = 1,900 | max rel diff. = 4.15432
[2023-04-19 17:30:56.034] [jointLog] [info] iteration = 2,000 | max rel diff. = 0.0332482
[2023-04-19 17:30:57.563] [jointLog] [info] iteration = 2,100 | max rel diff. = 0.748829
[2023-04-19 17:30:57.593] [jointLog] [info] iteration = 2,103 | max rel diff. = 0.00781934
[2023-04-19 17:30:57.601] [jointLog] [info] Finished optimizer
[2023-04-19 17:30:57.601] [jointLog] [info] writing output 

