[2023-04-19 17:03:04.986] [jointLog] [info] setting maxHashResizeThreads to 8
[2023-04-19 17:03:04.986] [jointLog] [info] Fragment incompatibility prior below threshold.  Incompatible fragments will be ignored.
[2023-04-19 17:03:04.986] [jointLog] [info] Usage of --validateMappings implies use of minScoreFraction. Since not explicitly specified, it is being set to 0.65
[2023-04-19 17:03:04.986] [jointLog] [info] Setting consensusSlack to selective-alignment default of 0.35.
[2023-04-19 17:03:04.986] [jointLog] [info] parsing read library format
[2023-04-19 17:03:04.986] [jointLog] [info] There is 1 library.
[2023-04-19 17:03:04.987] [jointLog] [info] Loading pufferfish index
[2023-04-19 17:03:04.987] [jointLog] [info] Loading dense pufferfish index.
[2023-04-19 17:03:06.790] [jointLog] [info] done
[2023-04-19 17:03:06.907] [jointLog] [info] Index contained 252,045 targets
[2023-04-19 17:03:06.982] [jointLog] [info] Number of decoys : 0
[2023-04-19 17:03:07.521] [jointLog] [info] Automatically detected most likely library type as SR

[2023-04-19 17:03:55.166] [jointLog] [info] Thread saw mini-batch with a maximum of 1.10% zero probability fragments
[2023-04-19 17:03:55.181] [jointLog] [info] Thread saw mini-batch with a maximum of 1.26% zero probability fragments
[2023-04-19 17:03:55.193] [jointLog] [info] Thread saw mini-batch with a maximum of 1.20% zero probability fragments
[2023-04-19 17:03:55.202] [jointLog] [info] Thread saw mini-batch with a maximum of 1.26% zero probability fragments
[2023-04-19 17:03:55.229] [jointLog] [info] Thread saw mini-batch with a maximum of 1.24% zero probability fragments
[2023-04-19 17:03:55.234] [jointLog] [info] Thread saw mini-batch with a maximum of 1.14% zero probability fragments
[2023-04-19 17:03:55.265] [jointLog] [info] Thread saw mini-batch with a maximum of 1.20% zero probability fragments
[2023-04-19 17:03:55.284] [jointLog] [info] Thread saw mini-batch with a maximum of 1.18% zero probability fragments
[2023-04-19 17:03:55.600] [fileLog] [info] 
At end of round 0
==================
Observed 12799700 total fragments (12799700 in most recent round)

[2023-04-19 17:03:55.599] [jointLog] [info] Computed 373,712 rich equivalence classes for further processing
[2023-04-19 17:03:55.599] [jointLog] [info] Counted 11,785,129 total reads in the equivalence classes 
[2023-04-19 17:03:55.612] [jointLog] [info] Number of mappings discarded because of alignment score : 19,547,543
[2023-04-19 17:03:55.612] [jointLog] [info] Number of fragments entirely discarded because of alignment score : 148,626
[2023-04-19 17:03:55.612] [jointLog] [info] Number of fragments discarded because they are best-mapped to decoys : 0
[2023-04-19 17:03:55.612] [jointLog] [info] Number of fragments discarded because they have only dovetail (discordant) mappings to valid targets : 0
[2023-04-19 17:03:55.612] [jointLog] [info] Mapping rate = 92.0735%

[2023-04-19 17:03:55.612] [jointLog] [info] finished quantifyLibrary()
[2023-04-19 17:03:55.614] [jointLog] [info] Starting optimizer
[2023-04-19 17:03:55.742] [jointLog] [info] Marked 0 weighted equivalence classes as degenerate
[2023-04-19 17:03:55.758] [jointLog] [info] iteration = 0 | max rel diff. = 3570.64
[2023-04-19 17:03:57.146] [jointLog] [info] iteration = 100 | max rel diff. = 17.3678
[2023-04-19 17:03:58.616] [jointLog] [info] iteration = 200 | max rel diff. = 17.6768
[2023-04-19 17:04:00.007] [jointLog] [info] iteration = 300 | max rel diff. = 4.46641
[2023-04-19 17:04:01.410] [jointLog] [info] iteration = 400 | max rel diff. = 14.7515
[2023-04-19 17:04:02.822] [jointLog] [info] iteration = 500 | max rel diff. = 12.2022
[2023-04-19 17:04:04.212] [jointLog] [info] iteration = 600 | max rel diff. = 1.27522
[2023-04-19 17:04:05.548] [jointLog] [info] iteration = 700 | max rel diff. = 0.589101
[2023-04-19 17:04:06.909] [jointLog] [info] iteration = 800 | max rel diff. = 3.5189
[2023-04-19 17:04:08.225] [jointLog] [info] iteration = 900 | max rel diff. = 0.449408
[2023-04-19 17:04:09.589] [jointLog] [info] iteration = 1,000 | max rel diff. = 16.7067
[2023-04-19 17:04:11.151] [jointLog] [info] iteration = 1,100 | max rel diff. = 0.0571318
[2023-04-19 17:04:12.545] [jointLog] [info] iteration = 1,200 | max rel diff. = 0.284632
[2023-04-19 17:04:13.857] [jointLog] [info] iteration = 1,300 | max rel diff. = 0.182974
[2023-04-19 17:04:15.244] [jointLog] [info] iteration = 1,400 | max rel diff. = 0.0178128
[2023-04-19 17:04:16.560] [jointLog] [info] iteration = 1,500 | max rel diff. = 0.819526
[2023-04-19 17:04:17.904] [jointLog] [info] iteration = 1,600 | max rel diff. = 0.0871181
[2023-04-19 17:04:19.241] [jointLog] [info] iteration = 1,700 | max rel diff. = 0.825285
[2023-04-19 17:04:20.668] [jointLog] [info] iteration = 1,800 | max rel diff. = 0.30169
[2023-04-19 17:04:21.997] [jointLog] [info] iteration = 1,900 | max rel diff. = 3.24642
[2023-04-19 17:04:23.404] [jointLog] [info] iteration = 2,000 | max rel diff. = 0.0447656
[2023-04-19 17:04:24.785] [jointLog] [info] iteration = 2,100 | max rel diff. = 0.401458
[2023-04-19 17:04:26.248] [jointLog] [info] iteration = 2,200 | max rel diff. = 0.0704778
[2023-04-19 17:04:26.862] [jointLog] [info] iteration = 2,248 | max rel diff. = 0.00995299
[2023-04-19 17:04:26.870] [jointLog] [info] Finished optimizer
[2023-04-19 17:04:26.870] [jointLog] [info] writing output 

