[2023-04-19 17:29:21.719] [jointLog] [info] setting maxHashResizeThreads to 8
[2023-04-19 17:29:21.719] [jointLog] [info] Fragment incompatibility prior below threshold.  Incompatible fragments will be ignored.
[2023-04-19 17:29:21.719] [jointLog] [info] Usage of --validateMappings implies use of minScoreFraction. Since not explicitly specified, it is being set to 0.65
[2023-04-19 17:29:21.719] [jointLog] [info] Setting consensusSlack to selective-alignment default of 0.35.
[2023-04-19 17:29:21.719] [jointLog] [info] parsing read library format
[2023-04-19 17:29:21.719] [jointLog] [info] There is 1 library.
[2023-04-19 17:29:21.721] [jointLog] [info] Loading pufferfish index
[2023-04-19 17:29:21.721] [jointLog] [info] Loading dense pufferfish index.
[2023-04-19 17:29:21.755] [jointLog] [info] done
[2023-04-19 17:29:21.833] [jointLog] [info] Index contained 82 targets
[2023-04-19 17:29:21.833] [jointLog] [info] Number of decoys : 0
[2023-04-19 17:29:28.423] [jointLog] [info] Automatically detected most likely library type as SR

[2023-04-19 17:29:29.366] [fileLog] [info] 
At end of round 0
==================
Observed 14307111 total fragments (14307111 in most recent round)

[2023-04-19 17:29:29.340] [jointLog] [info] Thread saw mini-batch with a maximum of 0.14% zero probability fragments
[2023-04-19 17:29:29.340] [jointLog] [info] Thread saw mini-batch with a maximum of 0.12% zero probability fragments
[2023-04-19 17:29:29.346] [jointLog] [info] Thread saw mini-batch with a maximum of 0.12% zero probability fragments
[2023-04-19 17:29:29.346] [jointLog] [info] Thread saw mini-batch with a maximum of 0.12% zero probability fragments
[2023-04-19 17:29:29.350] [jointLog] [info] Thread saw mini-batch with a maximum of 0.14% zero probability fragments
[2023-04-19 17:29:29.350] [jointLog] [info] Thread saw mini-batch with a maximum of 0.20% zero probability fragments
[2023-04-19 17:29:29.354] [jointLog] [info] Thread saw mini-batch with a maximum of 0.10% zero probability fragments
[2023-04-19 17:29:29.356] [jointLog] [info] Thread saw mini-batch with a maximum of 0.10% zero probability fragments
[2023-04-19 17:29:29.366] [jointLog] [info] Computed 106 rich equivalence classes for further processing
[2023-04-19 17:29:29.366] [jointLog] [info] Counted 53,805 total reads in the equivalence classes 
[2023-04-19 17:29:29.370] [jointLog] [info] Number of mappings discarded because of alignment score : 4,510
[2023-04-19 17:29:29.370] [jointLog] [info] Number of fragments entirely discarded because of alignment score : 2,447
[2023-04-19 17:29:29.370] [jointLog] [info] Number of fragments discarded because they are best-mapped to decoys : 0
[2023-04-19 17:29:29.370] [jointLog] [info] Number of fragments discarded because they have only dovetail (discordant) mappings to valid targets : 0
[2023-04-19 17:29:29.370] [jointLog] [warning] Only 53805 fragments were mapped, but the number of burn-in fragments was set to 5000000.
The effective lengths have been computed using the observed mappings.

[2023-04-19 17:29:29.370] [jointLog] [info] Mapping rate = 0.376072%

[2023-04-19 17:29:29.370] [jointLog] [info] finished quantifyLibrary()
[2023-04-19 17:29:29.370] [jointLog] [info] Starting optimizer
[2023-04-19 17:29:29.371] [jointLog] [info] Marked 0 weighted equivalence classes as degenerate
[2023-04-19 17:29:29.371] [jointLog] [info] iteration = 0 | max rel diff. = 654.454
[2023-04-19 17:29:29.373] [jointLog] [info] iteration = 100 | max rel diff. = 1.01116e-06
[2023-04-19 17:29:29.373] [jointLog] [info] Finished optimizer
[2023-04-19 17:29:29.373] [jointLog] [info] writing output 

