[2023-04-18 19:27:04.689] [jointLog] [info] setting maxHashResizeThreads to 8
[2023-04-18 19:27:04.689] [jointLog] [info] Fragment incompatibility prior below threshold.  Incompatible fragments will be ignored.
[2023-04-18 19:27:04.689] [jointLog] [info] Usage of --validateMappings implies use of minScoreFraction. Since not explicitly specified, it is being set to 0.65
[2023-04-18 19:27:04.689] [jointLog] [info] Setting consensusSlack to selective-alignment default of 0.35.
[2023-04-18 19:27:04.689] [jointLog] [info] parsing read library format
[2023-04-18 19:27:04.689] [jointLog] [info] There is 1 library.
[2023-04-18 19:27:04.690] [jointLog] [info] Loading pufferfish index
[2023-04-18 19:27:04.690] [jointLog] [info] Loading dense pufferfish index.
[2023-04-18 19:27:04.701] [jointLog] [info] done
[2023-04-18 19:27:04.782] [jointLog] [info] Index contained 1 targets
[2023-04-18 19:27:04.782] [jointLog] [info] Number of decoys : 0
[2023-04-18 19:27:12.214] [fileLog] [info] 
At end of round 0
==================
Observed 12799700 total fragments (12799700 in most recent round)

[2023-04-18 19:27:12.213] [jointLog] [info] Computed 1 rich equivalence classes for further processing
[2023-04-18 19:27:12.213] [jointLog] [info] Counted 18,608 total reads in the equivalence classes 
[2023-04-18 19:27:12.218] [jointLog] [info] Number of mappings discarded because of alignment score : 14,998
[2023-04-18 19:27:12.218] [jointLog] [info] Number of fragments entirely discarded because of alignment score : 2,562
[2023-04-18 19:27:12.218] [jointLog] [info] Number of fragments discarded because they are best-mapped to decoys : 0
[2023-04-18 19:27:12.218] [jointLog] [info] Number of fragments discarded because they have only dovetail (discordant) mappings to valid targets : 0
[2023-04-18 19:27:12.218] [jointLog] [warning] Only 18608 fragments were mapped, but the number of burn-in fragments was set to 5000000.
The effective lengths have been computed using the observed mappings.

[2023-04-18 19:27:12.218] [jointLog] [info] Mapping rate = 0.145378%

[2023-04-18 19:27:12.218] [jointLog] [info] finished quantifyLibrary()
[2023-04-18 19:27:12.218] [jointLog] [info] Starting optimizer
[2023-04-18 19:27:12.219] [jointLog] [info] Marked 0 weighted equivalence classes as degenerate
[2023-04-18 19:27:12.219] [jointLog] [info] iteration = 0 | max rel diff. = 5.86519e-16
[2023-04-18 19:27:12.219] [jointLog] [info] iteration = 100 | max rel diff. = 0
[2023-04-18 19:27:12.219] [jointLog] [info] Finished optimizer
[2023-04-18 19:27:12.219] [jointLog] [info] writing output 

[2023-04-18 19:27:12.220] [jointLog] [warning] NOTE: Read Lib [[ SRR8514725.fastq ]] :

Detected a *potential* strand bias > 1% in an unstranded protocol check the file: ../../quants/ebv_mutu/d1_day0/lib_format_counts.json for details

