[2023-04-19 17:06:45.354] [jointLog] [info] setting maxHashResizeThreads to 8
[2023-04-19 17:06:45.354] [jointLog] [info] Fragment incompatibility prior below threshold.  Incompatible fragments will be ignored.
[2023-04-19 17:06:45.354] [jointLog] [info] Usage of --validateMappings implies use of minScoreFraction. Since not explicitly specified, it is being set to 0.65
[2023-04-19 17:06:45.354] [jointLog] [info] Setting consensusSlack to selective-alignment default of 0.35.
[2023-04-19 17:06:45.354] [jointLog] [info] parsing read library format
[2023-04-19 17:06:45.354] [jointLog] [info] There is 1 library.
[2023-04-19 17:06:45.355] [jointLog] [info] Loading pufferfish index
[2023-04-19 17:06:45.356] [jointLog] [info] Loading dense pufferfish index.
[2023-04-19 17:06:45.365] [jointLog] [info] done
[2023-04-19 17:06:45.428] [jointLog] [info] Index contained 87 targets
[2023-04-19 17:06:45.428] [jointLog] [info] Number of decoys : 0
[2023-04-19 17:06:55.196] [jointLog] [info] Computed 93 rich equivalence classes for further processing
[2023-04-19 17:06:55.196] [jointLog] [info] Counted 13,890 total reads in the equivalence classes 
[2023-04-19 17:06:55.200] [jointLog] [info] Number of mappings discarded because of alignment score : 5,328
[2023-04-19 17:06:55.200] [jointLog] [info] Number of fragments entirely discarded because of alignment score : 1,551
[2023-04-19 17:06:55.200] [jointLog] [info] Number of fragments discarded because they are best-mapped to decoys : 0
[2023-04-19 17:06:55.200] [jointLog] [info] Number of fragments discarded because they have only dovetail (discordant) mappings to valid targets : 0
[2023-04-19 17:06:55.200] [jointLog] [warning] Only 13890 fragments were mapped, but the number of burn-in fragments was set to 5000000.
The effective lengths have been computed using the observed mappings.

[2023-04-19 17:06:55.200] [jointLog] [info] Mapping rate = 0.0777672%

[2023-04-19 17:06:55.200] [jointLog] [info] finished quantifyLibrary()
[2023-04-19 17:06:55.200] [jointLog] [info] Starting optimizer
[2023-04-19 17:06:55.201] [jointLog] [info] Marked 0 weighted equivalence classes as degenerate
[2023-04-19 17:06:55.201] [jointLog] [info] iteration = 0 | max rel diff. = 158.611
[2023-04-19 17:06:55.203] [jointLog] [info] iteration = 100 | max rel diff. = 8.58266e-07
[2023-04-19 17:06:55.203] [jointLog] [info] Finished optimizer
[2023-04-19 17:06:55.203] [jointLog] [info] writing output 

[2023-04-19 17:06:55.203] [jointLog] [warning] NOTE: Read Lib [[ SRR8514726.fastq ]] :

Detected a *potential* strand bias > 1% in an unstranded protocol check the file: ../../quants/ebv_akata/d1_day2/lib_format_counts.json for details

[2023-04-19 17:06:55.197] [fileLog] [info] 
At end of round 0
==================
Observed 17861010 total fragments (17861010 in most recent round)

