[2023-04-18 19:26:57.237] [jointLog] [info] setting maxHashResizeThreads to 8
[2023-04-18 19:26:57.237] [jointLog] [info] Fragment incompatibility prior below threshold.  Incompatible fragments will be ignored.
[2023-04-18 19:26:57.237] [jointLog] [info] Usage of --validateMappings implies use of minScoreFraction. Since not explicitly specified, it is being set to 0.65
[2023-04-18 19:26:57.237] [jointLog] [info] Setting consensusSlack to selective-alignment default of 0.35.
[2023-04-18 19:26:57.237] [jointLog] [info] parsing read library format
[2023-04-18 19:26:57.237] [jointLog] [info] There is 1 library.
[2023-04-18 19:26:57.238] [jointLog] [info] Loading pufferfish index
[2023-04-18 19:26:57.239] [jointLog] [info] Loading dense pufferfish index.
[2023-04-18 19:26:57.246] [jointLog] [info] done
[2023-04-18 19:26:57.327] [jointLog] [info] Index contained 1 targets
[2023-04-18 19:26:57.327] [jointLog] [info] Number of decoys : 0
[2023-04-18 19:27:04.388] [fileLog] [info] 
At end of round 0
==================
Observed 12799700 total fragments (12799700 in most recent round)

[2023-04-18 19:27:04.387] [jointLog] [info] Computed 1 rich equivalence classes for further processing
[2023-04-18 19:27:04.387] [jointLog] [info] Counted 18,751 total reads in the equivalence classes 
[2023-04-18 19:27:04.393] [jointLog] [info] Number of mappings discarded because of alignment score : 15,068
[2023-04-18 19:27:04.393] [jointLog] [info] Number of fragments entirely discarded because of alignment score : 2,581
[2023-04-18 19:27:04.393] [jointLog] [info] Number of fragments discarded because they are best-mapped to decoys : 0
[2023-04-18 19:27:04.393] [jointLog] [info] Number of fragments discarded because they have only dovetail (discordant) mappings to valid targets : 0
[2023-04-18 19:27:04.393] [jointLog] [warning] Only 18751 fragments were mapped, but the number of burn-in fragments was set to 5000000.
The effective lengths have been computed using the observed mappings.

[2023-04-18 19:27:04.393] [jointLog] [info] Mapping rate = 0.146496%

[2023-04-18 19:27:04.393] [jointLog] [info] finished quantifyLibrary()
[2023-04-18 19:27:04.393] [jointLog] [info] Starting optimizer
[2023-04-18 19:27:04.394] [jointLog] [info] Marked 0 weighted equivalence classes as degenerate
[2023-04-18 19:27:04.394] [jointLog] [info] iteration = 0 | max rel diff. = 3.8803e-16
[2023-04-18 19:27:04.394] [jointLog] [info] iteration = 100 | max rel diff. = 0
[2023-04-18 19:27:04.394] [jointLog] [info] Finished optimizer
[2023-04-18 19:27:04.394] [jointLog] [info] writing output 

[2023-04-18 19:27:04.394] [jointLog] [warning] NOTE: Read Lib [[ SRR8514725.fastq ]] :

Detected a *potential* strand bias > 1% in an unstranded protocol check the file: ../../quants/ebv_akata/d1_day0/lib_format_counts.json for details

