[2023-04-19 17:32:54.558] [jointLog] [info] setting maxHashResizeThreads to 8
[2023-04-19 17:32:54.558] [jointLog] [info] Fragment incompatibility prior below threshold.  Incompatible fragments will be ignored.
[2023-04-19 17:32:54.558] [jointLog] [info] Usage of --validateMappings implies use of minScoreFraction. Since not explicitly specified, it is being set to 0.65
[2023-04-19 17:32:54.558] [jointLog] [info] Setting consensusSlack to selective-alignment default of 0.35.
[2023-04-19 17:32:54.558] [jointLog] [info] parsing read library format
[2023-04-19 17:32:54.558] [jointLog] [info] There is 1 library.
[2023-04-19 17:32:54.559] [jointLog] [info] Loading pufferfish index
[2023-04-19 17:32:54.559] [jointLog] [info] Loading dense pufferfish index.
[2023-04-19 17:32:54.567] [jointLog] [info] done
[2023-04-19 17:32:54.658] [jointLog] [info] Index contained 82 targets
[2023-04-19 17:32:54.658] [jointLog] [info] Number of decoys : 0
[2023-04-19 17:33:01.494] [jointLog] [info] Automatically detected most likely library type as SR

[2023-04-19 17:33:01.901] [jointLog] [info] Thread saw mini-batch with a maximum of 0.10% zero probability fragments
[2023-04-19 17:33:01.909] [jointLog] [info] Thread saw mini-batch with a maximum of 0.12% zero probability fragments
[2023-04-19 17:33:01.910] [jointLog] [info] Thread saw mini-batch with a maximum of 0.14% zero probability fragments
[2023-04-19 17:33:01.911] [jointLog] [info] Thread saw mini-batch with a maximum of 0.14% zero probability fragments
[2023-04-19 17:33:01.914] [jointLog] [info] Thread saw mini-batch with a maximum of 0.10% zero probability fragments
[2023-04-19 17:33:01.917] [jointLog] [info] Thread saw mini-batch with a maximum of 0.12% zero probability fragments
[2023-04-19 17:33:01.917] [jointLog] [info] Thread saw mini-batch with a maximum of 0.10% zero probability fragments
[2023-04-19 17:33:01.918] [jointLog] [info] Thread saw mini-batch with a maximum of 0.20% zero probability fragments
[2023-04-19 17:33:01.932] [jointLog] [info] Computed 104 rich equivalence classes for further processing
[2023-04-19 17:33:01.932] [jointLog] [info] Counted 51,184 total reads in the equivalence classes 
[2023-04-19 17:33:01.940] [jointLog] [info] Number of mappings discarded because of alignment score : 5,192
[2023-04-19 17:33:01.940] [jointLog] [info] Number of fragments entirely discarded because of alignment score : 2,784
[2023-04-19 17:33:01.940] [jointLog] [info] Number of fragments discarded because they are best-mapped to decoys : 0
[2023-04-19 17:33:01.940] [jointLog] [info] Number of fragments discarded because they have only dovetail (discordant) mappings to valid targets : 0
[2023-04-19 17:33:01.940] [jointLog] [warning] Only 51184 fragments were mapped, but the number of burn-in fragments was set to 5000000.
The effective lengths have been computed using the observed mappings.

[2023-04-19 17:33:01.940] [jointLog] [info] Mapping rate = 0.391541%

[2023-04-19 17:33:01.940] [jointLog] [info] finished quantifyLibrary()
[2023-04-19 17:33:01.940] [jointLog] [info] Starting optimizer
[2023-04-19 17:33:01.941] [jointLog] [info] Marked 0 weighted equivalence classes as degenerate
[2023-04-19 17:33:01.941] [jointLog] [info] iteration = 0 | max rel diff. = 622.557
[2023-04-19 17:33:01.943] [jointLog] [info] iteration = 100 | max rel diff. = 8.82634e-07
[2023-04-19 17:33:01.943] [jointLog] [info] Finished optimizer
[2023-04-19 17:33:01.943] [jointLog] [info] writing output 

[2023-04-19 17:33:01.932] [fileLog] [info] 
At end of round 0
==================
Observed 13072444 total fragments (13072444 in most recent round)

