[2023-04-18 21:37:31.809] [jointLog] [info] setting maxHashResizeThreads to 8
[2023-04-18 21:37:31.809] [jointLog] [info] Fragment incompatibility prior below threshold.  Incompatible fragments will be ignored.
[2023-04-18 21:37:31.809] [jointLog] [info] Usage of --validateMappings implies use of minScoreFraction. Since not explicitly specified, it is being set to 0.65
[2023-04-18 21:37:31.809] [jointLog] [info] Setting consensusSlack to selective-alignment default of 0.35.
[2023-04-18 21:37:31.809] [jointLog] [info] parsing read library format
[2023-04-18 21:37:31.809] [jointLog] [info] There is 1 library.
[2023-04-18 21:37:31.809] [jointLog] [info] Loading pufferfish index
[2023-04-18 21:37:31.810] [jointLog] [info] Loading dense pufferfish index.
[2023-04-18 21:37:31.932] [jointLog] [info] done
[2023-04-18 21:37:32.019] [jointLog] [info] Index contained 1 targets
[2023-04-18 21:37:32.019] [jointLog] [info] Number of decoys : 0
[2023-04-18 21:37:45.076] [jointLog] [info] Automatically detected most likely library type as U

[2023-04-18 21:37:45.222] [jointLog] [info] Computed 1 rich equivalence classes for further processing
[2023-04-18 21:37:45.222] [jointLog] [info] Counted 50,248 total reads in the equivalence classes 
[2023-04-18 21:37:45.229] [jointLog] [info] Number of mappings discarded because of alignment score : 15,589
[2023-04-18 21:37:45.229] [jointLog] [info] Number of fragments entirely discarded because of alignment score : 2,905
[2023-04-18 21:37:45.229] [jointLog] [info] Number of fragments discarded because they are best-mapped to decoys : 0
[2023-04-18 21:37:45.229] [jointLog] [info] Number of fragments discarded because they have only dovetail (discordant) mappings to valid targets : 0
[2023-04-18 21:37:45.229] [jointLog] [warning] Only 50248 fragments were mapped, but the number of burn-in fragments was set to 5000000.
The effective lengths have been computed using the observed mappings.

[2023-04-18 21:37:45.229] [jointLog] [info] Mapping rate = 0.248941%

[2023-04-18 21:37:45.229] [jointLog] [info] finished quantifyLibrary()
[2023-04-18 21:37:45.230] [jointLog] [info] Starting optimizer
[2023-04-18 21:37:45.231] [jointLog] [info] Marked 0 weighted equivalence classes as degenerate
[2023-04-18 21:37:45.231] [jointLog] [info] iteration = 0 | max rel diff. = 1.44801e-16
[2023-04-18 21:37:45.231] [jointLog] [info] iteration = 100 | max rel diff. = 0
[2023-04-18 21:37:45.231] [jointLog] [info] Finished optimizer
[2023-04-18 21:37:45.231] [jointLog] [info] writing output 

[2023-04-18 21:37:45.223] [fileLog] [info] 
At end of round 0
==================
Observed 20184716 total fragments (20184716 in most recent round)

