[2023-04-19 17:30:59.726] [jointLog] [info] setting maxHashResizeThreads to 8
[2023-04-19 17:30:59.726] [jointLog] [info] Fragment incompatibility prior below threshold.  Incompatible fragments will be ignored.
[2023-04-19 17:30:59.726] [jointLog] [info] Usage of --validateMappings implies use of minScoreFraction. Since not explicitly specified, it is being set to 0.65
[2023-04-19 17:30:59.726] [jointLog] [info] Setting consensusSlack to selective-alignment default of 0.35.
[2023-04-19 17:30:59.726] [jointLog] [info] parsing read library format
[2023-04-19 17:30:59.726] [jointLog] [info] There is 1 library.
[2023-04-19 17:30:59.727] [jointLog] [info] Loading pufferfish index
[2023-04-19 17:30:59.727] [jointLog] [info] Loading dense pufferfish index.
[2023-04-19 17:30:59.735] [jointLog] [info] done
[2023-04-19 17:30:59.813] [jointLog] [info] Index contained 87 targets
[2023-04-19 17:30:59.813] [jointLog] [info] Number of decoys : 0
[2023-04-19 17:31:03.402] [jointLog] [info] Automatically detected most likely library type as SR

[2023-04-19 17:31:08.231] [jointLog] [info] Thread saw mini-batch with a maximum of 0.20% zero probability fragments
[2023-04-19 17:31:08.233] [jointLog] [info] Thread saw mini-batch with a maximum of 0.22% zero probability fragments
[2023-04-19 17:31:08.233] [jointLog] [info] Thread saw mini-batch with a maximum of 0.18% zero probability fragments
[2023-04-19 17:31:08.234] [jointLog] [info] Thread saw mini-batch with a maximum of 0.16% zero probability fragments
[2023-04-19 17:31:08.237] [jointLog] [info] Thread saw mini-batch with a maximum of 0.18% zero probability fragments
[2023-04-19 17:31:08.237] [jointLog] [info] Thread saw mini-batch with a maximum of 0.18% zero probability fragments
[2023-04-19 17:31:08.240] [jointLog] [info] Thread saw mini-batch with a maximum of 0.16% zero probability fragments
[2023-04-19 17:31:08.240] [jointLog] [info] Thread saw mini-batch with a maximum of 0.16% zero probability fragments
[2023-04-19 17:31:08.257] [jointLog] [info] Computed 115 rich equivalence classes for further processing
[2023-04-19 17:31:08.258] [jointLog] [info] Counted 114,128 total reads in the equivalence classes 
[2023-04-19 17:31:08.266] [jointLog] [info] Number of mappings discarded because of alignment score : 13,534
[2023-04-19 17:31:08.266] [jointLog] [info] Number of fragments entirely discarded because of alignment score : 6,832
[2023-04-19 17:31:08.266] [jointLog] [info] Number of fragments discarded because they are best-mapped to decoys : 0
[2023-04-19 17:31:08.266] [jointLog] [info] Number of fragments discarded because they have only dovetail (discordant) mappings to valid targets : 0
[2023-04-19 17:31:08.266] [jointLog] [warning] Only 114128 fragments were mapped, but the number of burn-in fragments was set to 5000000.
The effective lengths have been computed using the observed mappings.

[2023-04-19 17:31:08.266] [jointLog] [info] Mapping rate = 0.786381%

[2023-04-19 17:31:08.266] [jointLog] [info] finished quantifyLibrary()
[2023-04-19 17:31:08.266] [jointLog] [info] Starting optimizer
[2023-04-19 17:31:08.267] [jointLog] [info] Marked 0 weighted equivalence classes as degenerate
[2023-04-19 17:31:08.268] [jointLog] [info] iteration = 0 | max rel diff. = 653.413
[2023-04-19 17:31:08.269] [jointLog] [info] iteration = 100 | max rel diff. = 0.00399995
[2023-04-19 17:31:08.269] [jointLog] [info] Finished optimizer
[2023-04-19 17:31:08.269] [jointLog] [info] writing output 

[2023-04-19 17:31:08.258] [fileLog] [info] 
At end of round 0
==================
Observed 14513073 total fragments (14513073 in most recent round)

