[2023-04-19 17:27:38.111] [jointLog] [info] setting maxHashResizeThreads to 8
[2023-04-19 17:27:38.111] [jointLog] [info] Fragment incompatibility prior below threshold.  Incompatible fragments will be ignored.
[2023-04-19 17:27:38.111] [jointLog] [info] Usage of --validateMappings implies use of minScoreFraction. Since not explicitly specified, it is being set to 0.65
[2023-04-19 17:27:38.111] [jointLog] [info] Setting consensusSlack to selective-alignment default of 0.35.
[2023-04-19 17:27:38.111] [jointLog] [info] parsing read library format
[2023-04-19 17:27:38.111] [jointLog] [info] There is 1 library.
[2023-04-19 17:27:38.112] [jointLog] [info] Loading pufferfish index
[2023-04-19 17:27:38.113] [jointLog] [info] Loading dense pufferfish index.
[2023-04-19 17:27:38.150] [jointLog] [info] done
[2023-04-19 17:27:38.225] [jointLog] [info] Index contained 82 targets
[2023-04-19 17:27:38.225] [jointLog] [info] Number of decoys : 0
[2023-04-19 17:27:45.063] [jointLog] [info] Automatically detected most likely library type as SR

[2023-04-19 17:27:45.436] [jointLog] [info] Thread saw mini-batch with a maximum of 0.10% zero probability fragments
[2023-04-19 17:27:45.437] [jointLog] [info] Thread saw mini-batch with a maximum of 0.14% zero probability fragments
[2023-04-19 17:27:45.438] [jointLog] [info] Thread saw mini-batch with a maximum of 0.10% zero probability fragments
[2023-04-19 17:27:45.439] [jointLog] [info] Thread saw mini-batch with a maximum of 0.10% zero probability fragments
[2023-04-19 17:27:45.439] [jointLog] [info] Thread saw mini-batch with a maximum of 0.08% zero probability fragments
[2023-04-19 17:27:45.445] [jointLog] [info] Thread saw mini-batch with a maximum of 0.12% zero probability fragments
[2023-04-19 17:27:45.447] [jointLog] [info] Thread saw mini-batch with a maximum of 0.12% zero probability fragments
[2023-04-19 17:27:45.450] [jointLog] [info] Thread saw mini-batch with a maximum of 0.08% zero probability fragments
[2023-04-19 17:27:45.461] [jointLog] [info] Computed 104 rich equivalence classes for further processing
[2023-04-19 17:27:45.461] [jointLog] [info] Counted 50,515 total reads in the equivalence classes 
[2023-04-19 17:27:45.465] [jointLog] [info] Number of mappings discarded because of alignment score : 3,874
[2023-04-19 17:27:45.465] [jointLog] [info] Number of fragments entirely discarded because of alignment score : 2,298
[2023-04-19 17:27:45.465] [jointLog] [info] Number of fragments discarded because they are best-mapped to decoys : 0
[2023-04-19 17:27:45.465] [jointLog] [info] Number of fragments discarded because they have only dovetail (discordant) mappings to valid targets : 0
[2023-04-19 17:27:45.465] [jointLog] [warning] Only 50515 fragments were mapped, but the number of burn-in fragments was set to 5000000.
The effective lengths have been computed using the observed mappings.

[2023-04-19 17:27:45.465] [jointLog] [info] Mapping rate = 0.371663%

[2023-04-19 17:27:45.465] [jointLog] [info] finished quantifyLibrary()
[2023-04-19 17:27:45.465] [jointLog] [info] Starting optimizer
[2023-04-19 17:27:45.466] [jointLog] [info] Marked 0 weighted equivalence classes as degenerate
[2023-04-19 17:27:45.467] [jointLog] [info] iteration = 0 | max rel diff. = 614.415
[2023-04-19 17:27:45.468] [jointLog] [info] iteration = 100 | max rel diff. = 2.27525e-05
[2023-04-19 17:27:45.468] [jointLog] [info] Finished optimizer
[2023-04-19 17:27:45.468] [jointLog] [info] writing output 

[2023-04-19 17:27:45.461] [fileLog] [info] 
At end of round 0
==================
Observed 13591614 total fragments (13591614 in most recent round)

